TpTrace Verbose: 0 : 23980, 1, 2022/11/16, 16:24:55.218, 66472305105271, vstest.console.dll, Version: 17.3.0 Current process architecture: X64
TpTrace Verbose: 0 : 23980, 1, 2022/11/16, 16:24:55.222, 66472305137818, vstest.console.dll, Runtime location: C:\Program Files\dotnet\shared\Microsoft.NETCore.App\6.0.9
TpTrace Information: 0 : 23980, 1, 2022/11/16, 16:24:55.237, 66472305292656, vstest.console.dll, FilePatternParser: The given file C:\Users\harteoti\BestJobsProject\PSI-2022-Apr-DotNet-Eng-Batch\BestJobs\xUnitRepoTest\bin\Debug\net5.0\fine-code-coverage\build-output\xUnitRepoTest.dll is a full path.
TpTrace Verbose: 0 : 23980, 1, 2022/11/16, 16:24:55.249, 66472305411282, vstest.console.dll, TestPluginCache.DiscoverTestExtensions: finding test extensions in assemblies ends with: RuntimeProvider.dll TPluginInfo: Microsoft.VisualStudio.TestPlatform.Common.ExtensionFramework.Utilities.TestRuntimePluginInformation TExtension: Microsoft.VisualStudio.TestPlatform.ObjectModel.Host.ITestRuntimeProvider
TpTrace Verbose: 0 : 23980, 1, 2022/11/16, 16:24:55.249, 66472305413529, vstest.console.dll, TestPluginCache.GetExtensionPaths: Filtered extension paths: 
TpTrace Verbose: 0 : 23980, 1, 2022/11/16, 16:24:55.249, 66472305414299, vstest.console.dll, TestPluginCache.GetExtensionPaths: Added default extension paths: C:\Program Files\dotnet\sdk\6.0.401\Extensions\Microsoft.Diagnostics.NETCore.Client.dll
C:\Program Files\dotnet\sdk\6.0.401\Extensions\Microsoft.TestPlatform.Extensions.BlameDataCollector.dll
C:\Program Files\dotnet\sdk\6.0.401\Extensions\Microsoft.TestPlatform.Extensions.EventLogCollector.dll
C:\Program Files\dotnet\sdk\6.0.401\Extensions\Microsoft.TestPlatform.TestHostRuntimeProvider.dll
C:\Program Files\dotnet\sdk\6.0.401\Extensions\Microsoft.VisualStudio.TestPlatform.Extensions.Html.TestLogger.dll
C:\Program Files\dotnet\sdk\6.0.401\Extensions\Microsoft.VisualStudio.TestPlatform.Extensions.Trx.TestLogger.dll
TpTrace Verbose: 0 : 23980, 1, 2022/11/16, 16:24:55.249, 66472305414700, vstest.console.dll, TestPluginCache.GetExtensionPaths: Added unfilterableExtensionPaths: 
TpTrace Information: 0 : 23980, 1, 2022/11/16, 16:24:55.250, 66472305420044, vstest.console.dll, AssemblyResolver.ctor: Creating AssemblyResolver with searchDirectories C:\Program Files\dotnet\sdk\6.0.401\Extensions,C:\Program Files\dotnet\sdk\6.0.401
TpTrace Verbose: 0 : 23980, 1, 2022/11/16, 16:24:55.251, 66472305430774, vstest.console.dll, TestPluginCache.DiscoverTestExtensions: Discovering the extensions using extension path.
TpTrace Verbose: 0 : 23980, 1, 2022/11/16, 16:24:55.251, 66472305432020, vstest.console.dll, TestPluginCache.GetExtensionPaths: Filtered extension paths: 
TpTrace Verbose: 0 : 23980, 1, 2022/11/16, 16:24:55.251, 66472305432463, vstest.console.dll, TestPluginCache.GetExtensionPaths: Added default extension paths: C:\Program Files\dotnet\sdk\6.0.401\Extensions\Microsoft.Diagnostics.NETCore.Client.dll
C:\Program Files\dotnet\sdk\6.0.401\Extensions\Microsoft.TestPlatform.Extensions.BlameDataCollector.dll
C:\Program Files\dotnet\sdk\6.0.401\Extensions\Microsoft.TestPlatform.Extensions.EventLogCollector.dll
C:\Program Files\dotnet\sdk\6.0.401\Extensions\Microsoft.TestPlatform.TestHostRuntimeProvider.dll
C:\Program Files\dotnet\sdk\6.0.401\Extensions\Microsoft.VisualStudio.TestPlatform.Extensions.Html.TestLogger.dll
C:\Program Files\dotnet\sdk\6.0.401\Extensions\Microsoft.VisualStudio.TestPlatform.Extensions.Trx.TestLogger.dll
TpTrace Verbose: 0 : 23980, 1, 2022/11/16, 16:24:55.251, 66472305432760, vstest.console.dll, TestPluginCache.GetExtensionPaths: Added unfilterableExtensionPaths: 
TpTrace Verbose: 0 : 23980, 1, 2022/11/16, 16:24:55.251, 66472305433314, vstest.console.dll, TestPluginCache.DiscoverTestExtensions: Discovering the extensions using allExtensionPaths: C:\Program Files\dotnet\sdk\6.0.401\Extensions\Microsoft.Diagnostics.NETCore.Client.dll
C:\Program Files\dotnet\sdk\6.0.401\Extensions\Microsoft.TestPlatform.Extensions.BlameDataCollector.dll
C:\Program Files\dotnet\sdk\6.0.401\Extensions\Microsoft.TestPlatform.Extensions.EventLogCollector.dll
C:\Program Files\dotnet\sdk\6.0.401\Extensions\Microsoft.TestPlatform.TestHostRuntimeProvider.dll
C:\Program Files\dotnet\sdk\6.0.401\Extensions\Microsoft.VisualStudio.TestPlatform.Extensions.Html.TestLogger.dll
C:\Program Files\dotnet\sdk\6.0.401\Extensions\Microsoft.VisualStudio.TestPlatform.Extensions.Trx.TestLogger.dll
TpTrace Information: 0 : 23980, 1, 2022/11/16, 16:24:55.252, 66472305437944, vstest.console.dll, AssemblyResolver.AddSearchDirectories: Adding more searchDirectories C:\Program Files\dotnet\sdk\6.0.401\Extensions,C:\Program Files\dotnet\sdk\6.0.401
TpTrace Information: 0 : 23980, 1, 2022/11/16, 16:24:55.252, 66472305438574, vstest.console.dll, AssemblyResolver.AddSearchDirectories: Adding more searchDirectories C:\Program Files\dotnet\sdk\6.0.401\Extensions,C:\Program Files\dotnet\sdk\6.0.401
TpTrace Information: 0 : 23980, 1, 2022/11/16, 16:24:55.252, 66472305438933, vstest.console.dll, AssemblyResolver.AddSearchDirectories: Adding more searchDirectories C:\Program Files\dotnet\sdk\6.0.401\Extensions,C:\Program Files\dotnet\sdk\6.0.401
TpTrace Information: 0 : 23980, 1, 2022/11/16, 16:24:55.252, 66472305439200, vstest.console.dll, AssemblyResolver.AddSearchDirectories: Adding more searchDirectories C:\Program Files\dotnet\sdk\6.0.401\Extensions,C:\Program Files\dotnet\sdk\6.0.401
TpTrace Information: 0 : 23980, 1, 2022/11/16, 16:24:55.252, 66472305439462, vstest.console.dll, AssemblyResolver.AddSearchDirectories: Adding more searchDirectories C:\Program Files\dotnet\sdk\6.0.401\Extensions,C:\Program Files\dotnet\sdk\6.0.401
TpTrace Information: 0 : 23980, 1, 2022/11/16, 16:24:55.252, 66472305439726, vstest.console.dll, AssemblyResolver.AddSearchDirectories: Adding more searchDirectories C:\Program Files\dotnet\sdk\6.0.401\Extensions,C:\Program Files\dotnet\sdk\6.0.401
TpTrace Information: 0 : 23980, 1, 2022/11/16, 16:24:55.252, 66472305443244, vstest.console.dll, AssemblyResolver.OnResolve: Microsoft.Diagnostics.NETCore.Client: Resolving assembly.
TpTrace Information: 0 : 23980, 1, 2022/11/16, 16:24:55.252, 66472305443940, vstest.console.dll, AssemblyResolver.OnResolve: Microsoft.Diagnostics.NETCore.Client: Searching in: 'C:\Program Files\dotnet\sdk\6.0.401\Extensions'.
TpTrace Information: 0 : 23980, 1, 2022/11/16, 16:24:55.254, 66472305457846, vstest.console.dll, AssemblyResolver.OnResolve: Microsoft.Diagnostics.NETCore.Client: Loading assembly 'C:\Program Files\dotnet\sdk\6.0.401\Extensions\Microsoft.Diagnostics.NETCore.Client.dll'.
TpTrace Information: 0 : 23980, 1, 2022/11/16, 16:24:55.256, 66472305476954, vstest.console.dll, AssemblyResolver.OnResolve: Resolved assembly: Microsoft.Diagnostics.NETCore.Client, from path: C:\Program Files\dotnet\sdk\6.0.401\Extensions\Microsoft.Diagnostics.NETCore.Client.dll
TpTrace Verbose: 0 : 23980, 1, 2022/11/16, 16:24:55.260, 66472305524551, vstest.console.dll, MetadataReaderExtensionsHelper: Discovering extensions inside assembly 'Microsoft.Diagnostics.NETCore.Client, Version=0.2.5.801, Culture=neutral, PublicKeyToken=31bf3856ad364e35' file path 'C:\Program Files\dotnet\sdk\6.0.401\Extensions\Microsoft.Diagnostics.NETCore.Client.dll'
TpTrace Information: 0 : 23980, 1, 2022/11/16, 16:24:55.275, 66472305669957, vstest.console.dll, AssemblyResolver.OnResolve: Microsoft.Bcl.AsyncInterfaces: Resolving assembly.
TpTrace Information: 0 : 23980, 1, 2022/11/16, 16:24:55.275, 66472305671490, vstest.console.dll, AssemblyResolver.OnResolve: Microsoft.Bcl.AsyncInterfaces: Searching in: 'C:\Program Files\dotnet\sdk\6.0.401\Extensions'.
TpTrace Information: 0 : 23980, 1, 2022/11/16, 16:24:55.275, 66472305672405, vstest.console.dll, AssemblyResolver.OnResolve: Microsoft.Bcl.AsyncInterfaces: Assembly path does not exist: 'C:\Program Files\dotnet\sdk\6.0.401\Extensions\Microsoft.Bcl.AsyncInterfaces.dll', returning.
TpTrace Information: 0 : 23980, 1, 2022/11/16, 16:24:55.275, 66472305673057, vstest.console.dll, AssemblyResolver.OnResolve: Microsoft.Bcl.AsyncInterfaces: Assembly path does not exist: 'C:\Program Files\dotnet\sdk\6.0.401\Extensions\Microsoft.Bcl.AsyncInterfaces.exe', returning.
TpTrace Information: 0 : 23980, 1, 2022/11/16, 16:24:55.275, 66472305673893, vstest.console.dll, AssemblyResolver.OnResolve: Microsoft.Bcl.AsyncInterfaces: Searching in: 'C:\Program Files\dotnet\sdk\6.0.401'.
TpTrace Information: 0 : 23980, 1, 2022/11/16, 16:24:55.275, 66472305674521, vstest.console.dll, AssemblyResolver.OnResolve: Microsoft.Bcl.AsyncInterfaces: Assembly path does not exist: 'C:\Program Files\dotnet\sdk\6.0.401\Microsoft.Bcl.AsyncInterfaces.dll', returning.
TpTrace Information: 0 : 23980, 1, 2022/11/16, 16:24:55.275, 66472305675021, vstest.console.dll, AssemblyResolver.OnResolve: Microsoft.Bcl.AsyncInterfaces: Assembly path does not exist: 'C:\Program Files\dotnet\sdk\6.0.401\Microsoft.Bcl.AsyncInterfaces.exe', returning.
TpTrace Information: 0 : 23980, 1, 2022/11/16, 16:24:55.275, 66472305675331, vstest.console.dll, AssemblyResolver.OnResolve: Microsoft.Bcl.AsyncInterfaces: Failed to load assembly.
TpTrace Verbose: 0 : 23980, 1, 2022/11/16, 16:24:55.275, 66472305675708, vstest.console.dll, CurrentDomainAssemblyResolve: Resolving assembly 'Microsoft.Bcl.AsyncInterfaces'.
TpTrace Information: 0 : 23980, 1, 2022/11/16, 16:24:55.275, 66472305676293, vstest.console.dll, AssemblyResolver.OnResolve: Microsoft.Bcl.AsyncInterfaces: Resolving assembly.
TpTrace Information: 0 : 23980, 1, 2022/11/16, 16:24:55.276, 66472305676682, vstest.console.dll, AssemblyResolver.OnResolve: Microsoft.Bcl.AsyncInterfaces: Resolved from cache.
TpTrace Verbose: 0 : 23980, 1, 2022/11/16, 16:24:55.276, 66472305676959, vstest.console.dll, CurrentDomainAssemblyResolve: Resolving assembly 'Microsoft.Bcl.AsyncInterfaces'.
TpTrace Verbose: 0 : 23980, 1, 2022/11/16, 16:24:55.276, 66472305677285, vstest.console.dll, CurrentDomainAssemblyResolve: Failed to resolve assembly 'Microsoft.Bcl.AsyncInterfaces'.
TpTrace Verbose: 0 : 23980, 1, 2022/11/16, 16:24:55.283, 66472305753121, vstest.console.dll, CurrentDomainAssemblyResolve: Failed to resolve assembly 'Microsoft.Bcl.AsyncInterfaces'.
TpTrace Warning: 0 : 23980, 1, 2022/11/16, 16:24:55.313, 66472306051177, vstest.console.dll, TestPluginDiscoverer: Failed to get types from assembly 'Microsoft.Diagnostics.NETCore.Client, Version=0.2.5.801, Culture=neutral, PublicKeyToken=31bf3856ad364e35'. Error: System.Reflection.ReflectionTypeLoadException: Unable to load one or more of the requested types.
Could not load file or assembly 'Microsoft.Bcl.AsyncInterfaces, Version=1.0.0.0, Culture=neutral, PublicKeyToken=cc7b13ffcd2ddd51'. The system cannot find the file specified.
   at System.Reflection.RuntimeModule.GetTypes(RuntimeModule module)
   at System.Reflection.Assembly.GetTypes()
   at Microsoft.VisualStudio.TestPlatform.Common.ExtensionFramework.TestPluginDiscoverer.GetTestExtensionsFromAssembly[TPluginInfo,TExtension](Assembly assembly, Dictionary`2 pluginInfos, String filePath)
System.IO.FileNotFoundException: Could not load file or assembly 'Microsoft.Bcl.AsyncInterfaces, Version=1.0.0.0, Culture=neutral, PublicKeyToken=cc7b13ffcd2ddd51'. The system cannot find the file specified.
File name: 'Microsoft.Bcl.AsyncInterfaces, Version=1.0.0.0, Culture=neutral, PublicKeyToken=cc7b13ffcd2ddd51'
 ---> System.IO.FileNotFoundException: Could not load file or assembly 'Microsoft.Bcl.AsyncInterfaces, Culture=neutral, PublicKeyToken=null'. The system cannot find the file specified.
File name: 'Microsoft.Bcl.AsyncInterfaces, Culture=neutral, PublicKeyToken=null'
   at System.Reflection.RuntimeAssembly.InternalLoad(ObjectHandleOnStack assemblyName, ObjectHandleOnStack requestingAssembly, StackCrawlMarkHandle stackMark, Boolean throwOnFileNotFound, ObjectHandleOnStack assemblyLoadContext, ObjectHandleOnStack retAssembly)
   at System.Reflection.RuntimeAssembly.InternalLoad(AssemblyName assemblyName, RuntimeAssembly requestingAssembly, StackCrawlMark& stackMark, Boolean throwOnFileNotFound, AssemblyLoadContext assemblyLoadContext)
   at System.Reflection.Assembly.Load(AssemblyName assemblyRef)
   at Microsoft.VisualStudio.TestPlatform.Common.ExtensionFramework.TestPluginCache.CurrentDomainAssemblyResolve(Object sender, AssemblyResolveEventArgs args)
   at Microsoft.VisualStudio.TestPlatform.PlatformAbstractions.PlatformAssemblyResolver.AssemblyResolverEvent(Object sender, Object eventArgs)
   at System.Runtime.Loader.AssemblyLoadContext.GetFirstResolvedAssemblyFromResolvingEvent(AssemblyName assemblyName)
   at System.Runtime.Loader.AssemblyLoadContext.ResolveUsingEvent(AssemblyName assemblyName)
   at System.Runtime.Loader.AssemblyLoadContext.ResolveUsingResolvingEvent(IntPtr gchManagedAssemblyLoadContext, AssemblyName assemblyName)
TpTrace Warning: 0 : 23980, 1, 2022/11/16, 16:24:55.314, 66472306057810, vstest.console.dll, LoaderExceptions: System.IO.FileNotFoundException: Could not load file or assembly 'Microsoft.Bcl.AsyncInterfaces, Version=1.0.0.0, Culture=neutral, PublicKeyToken=cc7b13ffcd2ddd51'. The system cannot find the file specified.
File name: 'Microsoft.Bcl.AsyncInterfaces, Version=1.0.0.0, Culture=neutral, PublicKeyToken=cc7b13ffcd2ddd51'
 ---> System.IO.FileNotFoundException: Could not load file or assembly 'Microsoft.Bcl.AsyncInterfaces, Culture=neutral, PublicKeyToken=null'. The system cannot find the file specified.
File name: 'Microsoft.Bcl.AsyncInterfaces, Culture=neutral, PublicKeyToken=null'
   at System.Reflection.RuntimeAssembly.InternalLoad(ObjectHandleOnStack assemblyName, ObjectHandleOnStack requestingAssembly, StackCrawlMarkHandle stackMark, Boolean throwOnFileNotFound, ObjectHandleOnStack assemblyLoadContext, ObjectHandleOnStack retAssembly)
   at System.Reflection.RuntimeAssembly.InternalLoad(AssemblyName assemblyName, RuntimeAssembly requestingAssembly, StackCrawlMark& stackMark, Boolean throwOnFileNotFound, AssemblyLoadContext assemblyLoadContext)
   at System.Reflection.Assembly.Load(AssemblyName assemblyRef)
   at Microsoft.VisualStudio.TestPlatform.Common.ExtensionFramework.TestPluginCache.CurrentDomainAssemblyResolve(Object sender, AssemblyResolveEventArgs args)
   at Microsoft.VisualStudio.TestPlatform.PlatformAbstractions.PlatformAssemblyResolver.AssemblyResolverEvent(Object sender, Object eventArgs)
   at System.Runtime.Loader.AssemblyLoadContext.GetFirstResolvedAssemblyFromResolvingEvent(AssemblyName assemblyName)
   at System.Runtime.Loader.AssemblyLoadContext.ResolveUsingEvent(AssemblyName assemblyName)
   at System.Runtime.Loader.AssemblyLoadContext.ResolveUsingResolvingEvent(IntPtr gchManagedAssemblyLoadContext, AssemblyName assemblyName)
TpTrace Information: 0 : 23980, 1, 2022/11/16, 16:24:55.314, 66472306059468, vstest.console.dll, AssemblyResolver.OnResolve: Microsoft.TestPlatform.Extensions.BlameDataCollector: Resolving assembly.
TpTrace Information: 0 : 23980, 1, 2022/11/16, 16:24:55.314, 66472306059942, vstest.console.dll, AssemblyResolver.OnResolve: Microsoft.TestPlatform.Extensions.BlameDataCollector: Searching in: 'C:\Program Files\dotnet\sdk\6.0.401\Extensions'.
TpTrace Information: 0 : 23980, 1, 2022/11/16, 16:24:55.314, 66472306066234, vstest.console.dll, AssemblyResolver.OnResolve: Microsoft.TestPlatform.Extensions.BlameDataCollector: Loading assembly 'C:\Program Files\dotnet\sdk\6.0.401\Extensions\Microsoft.TestPlatform.Extensions.BlameDataCollector.dll'.
TpTrace Information: 0 : 23980, 1, 2022/11/16, 16:24:55.315, 66472306076127, vstest.console.dll, AssemblyResolver.OnResolve: Resolved assembly: Microsoft.TestPlatform.Extensions.BlameDataCollector, from path: C:\Program Files\dotnet\sdk\6.0.401\Extensions\Microsoft.TestPlatform.Extensions.BlameDataCollector.dll
TpTrace Verbose: 0 : 23980, 1, 2022/11/16, 16:24:55.316, 66472306076985, vstest.console.dll, MetadataReaderExtensionsHelper: Discovering extensions inside assembly 'Microsoft.TestPlatform.Extensions.BlameDataCollector, Version=15.0.0.0, Culture=neutral, PublicKeyToken=b03f5f7f11d50a3a' file path 'C:\Program Files\dotnet\sdk\6.0.401\Extensions\Microsoft.TestPlatform.Extensions.BlameDataCollector.dll'
TpTrace Information: 0 : 23980, 1, 2022/11/16, 16:24:55.317, 66472306087349, vstest.console.dll, AssemblyResolver.OnResolve: Microsoft.TestPlatform.Extensions.EventLogCollector: Resolving assembly.
TpTrace Information: 0 : 23980, 1, 2022/11/16, 16:24:55.317, 66472306090844, vstest.console.dll, AssemblyResolver.OnResolve: Microsoft.TestPlatform.Extensions.EventLogCollector: Searching in: 'C:\Program Files\dotnet\sdk\6.0.401\Extensions'.
TpTrace Information: 0 : 23980, 1, 2022/11/16, 16:24:55.317, 66472306093780, vstest.console.dll, AssemblyResolver.OnResolve: Microsoft.TestPlatform.Extensions.EventLogCollector: Loading assembly 'C:\Program Files\dotnet\sdk\6.0.401\Extensions\Microsoft.TestPlatform.Extensions.EventLogCollector.dll'.
TpTrace Information: 0 : 23980, 1, 2022/11/16, 16:24:55.318, 66472306098313, vstest.console.dll, AssemblyResolver.OnResolve: Resolved assembly: Microsoft.TestPlatform.Extensions.EventLogCollector, from path: C:\Program Files\dotnet\sdk\6.0.401\Extensions\Microsoft.TestPlatform.Extensions.EventLogCollector.dll
TpTrace Verbose: 0 : 23980, 1, 2022/11/16, 16:24:55.318, 66472306098979, vstest.console.dll, MetadataReaderExtensionsHelper: Discovering extensions inside assembly 'Microsoft.TestPlatform.Extensions.EventLogCollector, Version=15.0.0.0, Culture=neutral, PublicKeyToken=b03f5f7f11d50a3a' file path 'C:\Program Files\dotnet\sdk\6.0.401\Extensions\Microsoft.TestPlatform.Extensions.EventLogCollector.dll'
TpTrace Information: 0 : 23980, 1, 2022/11/16, 16:24:55.319, 66472306116395, vstest.console.dll, AssemblyResolver.OnResolve: Microsoft.TestPlatform.TestHostRuntimeProvider: Resolving assembly.
TpTrace Information: 0 : 23980, 1, 2022/11/16, 16:24:55.320, 66472306117145, vstest.console.dll, AssemblyResolver.OnResolve: Microsoft.TestPlatform.TestHostRuntimeProvider: Searching in: 'C:\Program Files\dotnet\sdk\6.0.401\Extensions'.
TpTrace Information: 0 : 23980, 1, 2022/11/16, 16:24:55.320, 66472306125383, vstest.console.dll, AssemblyResolver.OnResolve: Microsoft.TestPlatform.TestHostRuntimeProvider: Loading assembly 'C:\Program Files\dotnet\sdk\6.0.401\Extensions\Microsoft.TestPlatform.TestHostRuntimeProvider.dll'.
TpTrace Information: 0 : 23980, 1, 2022/11/16, 16:24:55.322, 66472306140072, vstest.console.dll, AssemblyResolver.OnResolve: Resolved assembly: Microsoft.TestPlatform.TestHostRuntimeProvider, from path: C:\Program Files\dotnet\sdk\6.0.401\Extensions\Microsoft.TestPlatform.TestHostRuntimeProvider.dll
TpTrace Verbose: 0 : 23980, 1, 2022/11/16, 16:24:55.322, 66472306140887, vstest.console.dll, MetadataReaderExtensionsHelper: Discovering extensions inside assembly 'Microsoft.TestPlatform.TestHostRuntimeProvider, Version=15.0.0.0, Culture=neutral, PublicKeyToken=b03f5f7f11d50a3a' file path 'C:\Program Files\dotnet\sdk\6.0.401\Extensions\Microsoft.TestPlatform.TestHostRuntimeProvider.dll'
TpTrace Information: 0 : 23980, 1, 2022/11/16, 16:24:55.323, 66472306155464, vstest.console.dll, GetTestExtensionFromType: Register extension with identifier data 'HostProvider://DefaultTestHost' and type 'Microsoft.VisualStudio.TestPlatform.CrossPlatEngine.Hosting.DefaultTestHostManager, Microsoft.TestPlatform.TestHostRuntimeProvider, Version=15.0.0.0, Culture=neutral, PublicKeyToken=b03f5f7f11d50a3a' inside file 'C:\Program Files\dotnet\sdk\6.0.401\Extensions\Microsoft.TestPlatform.TestHostRuntimeProvider.dll'
TpTrace Information: 0 : 23980, 1, 2022/11/16, 16:24:55.324, 66472306156445, vstest.console.dll, GetTestExtensionFromType: Register extension with identifier data 'HostProvider://DotnetTestHost' and type 'Microsoft.VisualStudio.TestPlatform.CrossPlatEngine.Hosting.DotnetTestHostManager, Microsoft.TestPlatform.TestHostRuntimeProvider, Version=15.0.0.0, Culture=neutral, PublicKeyToken=b03f5f7f11d50a3a' inside file 'C:\Program Files\dotnet\sdk\6.0.401\Extensions\Microsoft.TestPlatform.TestHostRuntimeProvider.dll'
TpTrace Information: 0 : 23980, 1, 2022/11/16, 16:24:55.324, 66472306157148, vstest.console.dll, AssemblyResolver.OnResolve: Microsoft.VisualStudio.TestPlatform.Extensions.Html.TestLogger: Resolving assembly.
TpTrace Information: 0 : 23980, 1, 2022/11/16, 16:24:55.324, 66472306157985, vstest.console.dll, AssemblyResolver.OnResolve: Microsoft.VisualStudio.TestPlatform.Extensions.Html.TestLogger: Searching in: 'C:\Program Files\dotnet\sdk\6.0.401\Extensions'.
TpTrace Information: 0 : 23980, 1, 2022/11/16, 16:24:55.325, 66472306171506, vstest.console.dll, AssemblyResolver.OnResolve: Microsoft.VisualStudio.TestPlatform.Extensions.Html.TestLogger: Loading assembly 'C:\Program Files\dotnet\sdk\6.0.401\Extensions\Microsoft.VisualStudio.TestPlatform.Extensions.Html.TestLogger.dll'.
TpTrace Information: 0 : 23980, 1, 2022/11/16, 16:24:55.327, 66472306190268, vstest.console.dll, AssemblyResolver.OnResolve: Resolved assembly: Microsoft.VisualStudio.TestPlatform.Extensions.Html.TestLogger, from path: C:\Program Files\dotnet\sdk\6.0.401\Extensions\Microsoft.VisualStudio.TestPlatform.Extensions.Html.TestLogger.dll
TpTrace Verbose: 0 : 23980, 1, 2022/11/16, 16:24:55.327, 66472306191850, vstest.console.dll, MetadataReaderExtensionsHelper: Discovering extensions inside assembly 'Microsoft.VisualStudio.TestPlatform.Extensions.Html.TestLogger, Version=15.0.0.0, Culture=neutral, PublicKeyToken=b03f5f7f11d50a3a' file path 'C:\Program Files\dotnet\sdk\6.0.401\Extensions\Microsoft.VisualStudio.TestPlatform.Extensions.Html.TestLogger.dll'
TpTrace Information: 0 : 23980, 1, 2022/11/16, 16:24:55.328, 66472306199685, vstest.console.dll, AssemblyResolver.OnResolve: Microsoft.VisualStudio.TestPlatform.Extensions.Trx.TestLogger: Resolving assembly.
TpTrace Information: 0 : 23980, 1, 2022/11/16, 16:24:55.328, 66472306200537, vstest.console.dll, AssemblyResolver.OnResolve: Microsoft.VisualStudio.TestPlatform.Extensions.Trx.TestLogger: Searching in: 'C:\Program Files\dotnet\sdk\6.0.401\Extensions'.
TpTrace Information: 0 : 23980, 1, 2022/11/16, 16:24:55.330, 66472306219951, vstest.console.dll, AssemblyResolver.OnResolve: Microsoft.VisualStudio.TestPlatform.Extensions.Trx.TestLogger: Loading assembly 'C:\Program Files\dotnet\sdk\6.0.401\Extensions\Microsoft.VisualStudio.TestPlatform.Extensions.Trx.TestLogger.dll'.
TpTrace Information: 0 : 23980, 1, 2022/11/16, 16:24:55.332, 66472306241058, vstest.console.dll, AssemblyResolver.OnResolve: Resolved assembly: Microsoft.VisualStudio.TestPlatform.Extensions.Trx.TestLogger, from path: C:\Program Files\dotnet\sdk\6.0.401\Extensions\Microsoft.VisualStudio.TestPlatform.Extensions.Trx.TestLogger.dll
TpTrace Verbose: 0 : 23980, 1, 2022/11/16, 16:24:55.332, 66472306242172, vstest.console.dll, MetadataReaderExtensionsHelper: Discovering extensions inside assembly 'Microsoft.VisualStudio.TestPlatform.Extensions.Trx.TestLogger, Version=15.0.0.0, Culture=neutral, PublicKeyToken=b03f5f7f11d50a3a' file path 'C:\Program Files\dotnet\sdk\6.0.401\Extensions\Microsoft.VisualStudio.TestPlatform.Extensions.Trx.TestLogger.dll'
TpTrace Verbose: 0 : 23980, 1, 2022/11/16, 16:24:55.333, 66472306253561, vstest.console.dll, TestPluginCache: Discovered the extensions using extension path ''.
TpTrace Verbose: 0 : 23980, 1, 2022/11/16, 16:24:55.333, 66472306254322, vstest.console.dll, TestPluginCache: Discoverers are ''.
TpTrace Verbose: 0 : 23980, 1, 2022/11/16, 16:24:55.333, 66472306254622, vstest.console.dll, TestPluginCache: Executors are ''.
TpTrace Verbose: 0 : 23980, 1, 2022/11/16, 16:24:55.333, 66472306254849, vstest.console.dll, TestPluginCache: Executors2 are ''.
TpTrace Verbose: 0 : 23980, 1, 2022/11/16, 16:24:55.333, 66472306255065, vstest.console.dll, TestPluginCache: Setting providers are ''.
TpTrace Verbose: 0 : 23980, 1, 2022/11/16, 16:24:55.333, 66472306255278, vstest.console.dll, TestPluginCache: Loggers are ''.
TpTrace Verbose: 0 : 23980, 1, 2022/11/16, 16:24:55.333, 66472306255942, vstest.console.dll, TestPluginCache: TestHosts are 'HostProvider://DefaultTestHost,HostProvider://DotnetTestHost'.
TpTrace Verbose: 0 : 23980, 1, 2022/11/16, 16:24:55.333, 66472306256241, vstest.console.dll, TestPluginCache: DataCollectors are ''.
TpTrace Information: 0 : 23980, 1, 2022/11/16, 16:24:55.348, 66472306397611, vstest.console.dll, RunTestsArgumentProcessor:Execute: Test run is starting.
TpTrace Verbose: 0 : 23980, 1, 2022/11/16, 16:24:55.348, 66472306398872, vstest.console.dll, RunTestsArgumentProcessor:Execute: Queuing Test run.
TpTrace Information: 0 : 23980, 1, 2022/11/16, 16:24:55.348, 66472306404526, vstest.console.dll, TestRequestManager.RunTests: run tests started.
TpTrace Information: 0 : 23980, 1, 2022/11/16, 16:24:55.350, 66472306421202, vstest.console.dll, AssemblyMetadataProvider.GetFrameworkName: Determined framework:'.NETCoreApp,Version=v5.0' for source: 'C:\Users\harteoti\BestJobsProject\PSI-2022-Apr-DotNet-Eng-Batch\BestJobs\xUnitRepoTest\bin\Debug\net5.0\fine-code-coverage\build-output\xUnitRepoTest.dll'
TpTrace Information: 0 : 23980, 1, 2022/11/16, 16:24:55.350, 66472306422601, vstest.console.dll, Determined framework for all sources: .NETCoreApp,Version=v5.0
TpTrace Verbose: 0 : 23980, 1, 2022/11/16, 16:24:55.351, 66472306426960, vstest.console.dll, TestRequestManager.UpdateRunSettingsIfRequired: Default architecture: X64 IsDefaultTargetArchitecture: True, Current process architecture: X64 OperatingSystem: Windows.
TpTrace Information: 0 : 23980, 1, 2022/11/16, 16:24:55.353, 66472306448967, vstest.console.dll, AssemblyMetadataProvider.GetArchitecture: Determined architecture:AnyCPU info for assembly: C:\Users\harteoti\BestJobsProject\PSI-2022-Apr-DotNet-Eng-Batch\BestJobs\xUnitRepoTest\bin\Debug\net5.0\fine-code-coverage\build-output\xUnitRepoTest.dll
TpTrace Information: 0 : 23980, 1, 2022/11/16, 16:24:55.353, 66472306449534, vstest.console.dll, Determined platform for source 'C:\Users\harteoti\BestJobsProject\PSI-2022-Apr-DotNet-Eng-Batch\BestJobs\xUnitRepoTest\bin\Debug\net5.0\fine-code-coverage\build-output\xUnitRepoTest.dll' was AnyCPU and it will use the default plaform X64.
TpTrace Information: 0 : 23980, 1, 2022/11/16, 16:24:55.353, 66472306449968, vstest.console.dll, None of the sources provided any runnable platform, using the default platform: X64
TpTrace Information: 0 : 23980, 1, 2022/11/16, 16:24:55.353, 66472306450678, vstest.console.dll, Platform was updated to 'X64'.
TpTrace Information: 0 : 23980, 1, 2022/11/16, 16:24:55.361, 66472306533561, vstest.console.dll, InferRunSettingsHelper.IsTestSettingsEnabled: Unable to navigate to RunSettings/MSTest. Current node: RunSettings
TpTrace Information: 0 : 23980, 1, 2022/11/16, 16:24:55.362, 66472306543409, vstest.console.dll, AssemblyResolver.OnResolve: Microsoft.VisualStudio.TestPlatform.Fakes: Resolving assembly.
TpTrace Information: 0 : 23980, 1, 2022/11/16, 16:24:55.362, 66472306544279, vstest.console.dll, AssemblyResolver.OnResolve: Microsoft.VisualStudio.TestPlatform.Fakes: Searching in: 'C:\Program Files\dotnet\sdk\6.0.401\Extensions'.
TpTrace Information: 0 : 23980, 1, 2022/11/16, 16:24:55.362, 66472306545331, vstest.console.dll, AssemblyResolver.OnResolve: Microsoft.VisualStudio.TestPlatform.Fakes: Assembly path does not exist: 'C:\Program Files\dotnet\sdk\6.0.401\Extensions\Microsoft.VisualStudio.TestPlatform.Fakes.dll', returning.
TpTrace Information: 0 : 23980, 1, 2022/11/16, 16:24:55.362, 66472306545862, vstest.console.dll, AssemblyResolver.OnResolve: Microsoft.VisualStudio.TestPlatform.Fakes: Assembly path does not exist: 'C:\Program Files\dotnet\sdk\6.0.401\Extensions\Microsoft.VisualStudio.TestPlatform.Fakes.exe', returning.
TpTrace Information: 0 : 23980, 1, 2022/11/16, 16:24:55.362, 66472306546177, vstest.console.dll, AssemblyResolver.OnResolve: Microsoft.VisualStudio.TestPlatform.Fakes: Searching in: 'C:\Program Files\dotnet\sdk\6.0.401'.
TpTrace Information: 0 : 23980, 1, 2022/11/16, 16:24:55.363, 66472306546704, vstest.console.dll, AssemblyResolver.OnResolve: Microsoft.VisualStudio.TestPlatform.Fakes: Assembly path does not exist: 'C:\Program Files\dotnet\sdk\6.0.401\Microsoft.VisualStudio.TestPlatform.Fakes.dll', returning.
TpTrace Information: 0 : 23980, 1, 2022/11/16, 16:24:55.363, 66472306547154, vstest.console.dll, AssemblyResolver.OnResolve: Microsoft.VisualStudio.TestPlatform.Fakes: Assembly path does not exist: 'C:\Program Files\dotnet\sdk\6.0.401\Microsoft.VisualStudio.TestPlatform.Fakes.exe', returning.
TpTrace Information: 0 : 23980, 1, 2022/11/16, 16:24:55.363, 66472306547444, vstest.console.dll, AssemblyResolver.OnResolve: Microsoft.VisualStudio.TestPlatform.Fakes: Failed to load assembly.
TpTrace Information: 0 : 23980, 1, 2022/11/16, 16:24:55.363, 66472306549737, vstest.console.dll, Failed to load assembly Microsoft.VisualStudio.TestPlatform.Fakes, Version=17.0.0.0, Culture=neutral. Reason:System.IO.FileNotFoundException: Could not load file or assembly 'Microsoft.VisualStudio.TestPlatform.Fakes, Version=17.0.0.0, Culture=neutral, PublicKeyToken=null'. The system cannot find the file specified.
File name: 'Microsoft.VisualStudio.TestPlatform.Fakes, Version=17.0.0.0, Culture=neutral, PublicKeyToken=null'
   at System.Reflection.RuntimeAssembly.InternalLoad(ObjectHandleOnStack assemblyName, ObjectHandleOnStack requestingAssembly, StackCrawlMarkHandle stackMark, Boolean throwOnFileNotFound, ObjectHandleOnStack assemblyLoadContext, ObjectHandleOnStack retAssembly)
   at System.Reflection.RuntimeAssembly.InternalLoad(AssemblyName assemblyName, RuntimeAssembly requestingAssembly, StackCrawlMark& stackMark, Boolean throwOnFileNotFound, AssemblyLoadContext assemblyLoadContext)
   at System.Reflection.Assembly.Load(AssemblyName assemblyRef)
   at Microsoft.VisualStudio.TestPlatform.Common.Utilities.FakesUtilities.LoadTestPlatformAssembly()
TpTrace Verbose: 0 : 23980, 1, 2022/11/16, 16:24:55.368, 66472306596527, vstest.console.dll, TestPluginCache.DiscoverTestExtensions: finding test extensions in assemblies ends with: TestLogger.dll TPluginInfo: Microsoft.VisualStudio.TestPlatform.Common.ExtensionFramework.Utilities.TestLoggerPluginInformation TExtension: Microsoft.VisualStudio.TestPlatform.ObjectModel.Client.ITestLogger
TpTrace Verbose: 0 : 23980, 1, 2022/11/16, 16:24:55.368, 66472306597650, vstest.console.dll, TestPluginCache.GetExtensionPaths: Filtered extension paths: 
TpTrace Verbose: 0 : 23980, 1, 2022/11/16, 16:24:55.368, 66472306597956, vstest.console.dll, TestPluginCache.GetExtensionPaths: Added default extension paths: C:\Program Files\dotnet\sdk\6.0.401\Extensions\Microsoft.Diagnostics.NETCore.Client.dll
C:\Program Files\dotnet\sdk\6.0.401\Extensions\Microsoft.TestPlatform.Extensions.BlameDataCollector.dll
C:\Program Files\dotnet\sdk\6.0.401\Extensions\Microsoft.TestPlatform.Extensions.EventLogCollector.dll
C:\Program Files\dotnet\sdk\6.0.401\Extensions\Microsoft.TestPlatform.TestHostRuntimeProvider.dll
C:\Program Files\dotnet\sdk\6.0.401\Extensions\Microsoft.VisualStudio.TestPlatform.Extensions.Html.TestLogger.dll
C:\Program Files\dotnet\sdk\6.0.401\Extensions\Microsoft.VisualStudio.TestPlatform.Extensions.Trx.TestLogger.dll
TpTrace Verbose: 0 : 23980, 1, 2022/11/16, 16:24:55.368, 66472306598205, vstest.console.dll, TestPluginCache.GetExtensionPaths: Added unfilterableExtensionPaths: 
TpTrace Information: 0 : 23980, 1, 2022/11/16, 16:24:55.368, 66472306599457, vstest.console.dll, AssemblyResolver.AddSearchDirectories: Adding more searchDirectories C:\Program Files\dotnet\sdk\6.0.401\Extensions,C:\Program Files\dotnet\sdk\6.0.401
TpTrace Verbose: 0 : 23980, 1, 2022/11/16, 16:24:55.368, 66472306599892, vstest.console.dll, TestPluginCache.DiscoverTestExtensions: Discovering the extensions using extension path.
TpTrace Verbose: 0 : 23980, 1, 2022/11/16, 16:24:55.368, 66472306600212, vstest.console.dll, TestPluginCache.GetExtensionPaths: Filtered extension paths: 
TpTrace Verbose: 0 : 23980, 1, 2022/11/16, 16:24:55.368, 66472306600492, vstest.console.dll, TestPluginCache.GetExtensionPaths: Added default extension paths: C:\Program Files\dotnet\sdk\6.0.401\Extensions\Microsoft.Diagnostics.NETCore.Client.dll
C:\Program Files\dotnet\sdk\6.0.401\Extensions\Microsoft.TestPlatform.Extensions.BlameDataCollector.dll
C:\Program Files\dotnet\sdk\6.0.401\Extensions\Microsoft.TestPlatform.Extensions.EventLogCollector.dll
C:\Program Files\dotnet\sdk\6.0.401\Extensions\Microsoft.TestPlatform.TestHostRuntimeProvider.dll
C:\Program Files\dotnet\sdk\6.0.401\Extensions\Microsoft.VisualStudio.TestPlatform.Extensions.Html.TestLogger.dll
C:\Program Files\dotnet\sdk\6.0.401\Extensions\Microsoft.VisualStudio.TestPlatform.Extensions.Trx.TestLogger.dll
TpTrace Verbose: 0 : 23980, 1, 2022/11/16, 16:24:55.368, 66472306601223, vstest.console.dll, TestPluginCache.GetExtensionPaths: Added unfilterableExtensionPaths: 
TpTrace Verbose: 0 : 23980, 1, 2022/11/16, 16:24:55.368, 66472306601561, vstest.console.dll, TestPluginCache.DiscoverTestExtensions: Discovering the extensions using allExtensionPaths: C:\Program Files\dotnet\sdk\6.0.401\Extensions\Microsoft.Diagnostics.NETCore.Client.dll
C:\Program Files\dotnet\sdk\6.0.401\Extensions\Microsoft.TestPlatform.Extensions.BlameDataCollector.dll
C:\Program Files\dotnet\sdk\6.0.401\Extensions\Microsoft.TestPlatform.Extensions.EventLogCollector.dll
C:\Program Files\dotnet\sdk\6.0.401\Extensions\Microsoft.TestPlatform.TestHostRuntimeProvider.dll
C:\Program Files\dotnet\sdk\6.0.401\Extensions\Microsoft.VisualStudio.TestPlatform.Extensions.Html.TestLogger.dll
C:\Program Files\dotnet\sdk\6.0.401\Extensions\Microsoft.VisualStudio.TestPlatform.Extensions.Trx.TestLogger.dll
TpTrace Information: 0 : 23980, 1, 2022/11/16, 16:24:55.368, 66472306601922, vstest.console.dll, AssemblyResolver.AddSearchDirectories: Adding more searchDirectories C:\Program Files\dotnet\sdk\6.0.401\Extensions,C:\Program Files\dotnet\sdk\6.0.401
TpTrace Information: 0 : 23980, 1, 2022/11/16, 16:24:55.368, 66472306602225, vstest.console.dll, AssemblyResolver.AddSearchDirectories: Adding more searchDirectories C:\Program Files\dotnet\sdk\6.0.401\Extensions,C:\Program Files\dotnet\sdk\6.0.401
TpTrace Information: 0 : 23980, 1, 2022/11/16, 16:24:55.368, 66472306602470, vstest.console.dll, AssemblyResolver.AddSearchDirectories: Adding more searchDirectories C:\Program Files\dotnet\sdk\6.0.401\Extensions,C:\Program Files\dotnet\sdk\6.0.401
TpTrace Information: 0 : 23980, 1, 2022/11/16, 16:24:55.368, 66472306602704, vstest.console.dll, AssemblyResolver.AddSearchDirectories: Adding more searchDirectories C:\Program Files\dotnet\sdk\6.0.401\Extensions,C:\Program Files\dotnet\sdk\6.0.401
TpTrace Information: 0 : 23980, 1, 2022/11/16, 16:24:55.368, 66472306602963, vstest.console.dll, AssemblyResolver.AddSearchDirectories: Adding more searchDirectories C:\Program Files\dotnet\sdk\6.0.401\Extensions,C:\Program Files\dotnet\sdk\6.0.401
TpTrace Information: 0 : 23980, 1, 2022/11/16, 16:24:55.368, 66472306603198, vstest.console.dll, AssemblyResolver.AddSearchDirectories: Adding more searchDirectories C:\Program Files\dotnet\sdk\6.0.401\Extensions,C:\Program Files\dotnet\sdk\6.0.401
TpTrace Verbose: 0 : 23980, 1, 2022/11/16, 16:24:55.368, 66472306604111, vstest.console.dll, MetadataReaderExtensionsHelper: Discovering extensions inside assembly 'Microsoft.Diagnostics.NETCore.Client, Version=0.2.5.801, Culture=neutral, PublicKeyToken=31bf3856ad364e35' file path 'C:\Program Files\dotnet\sdk\6.0.401\Extensions\Microsoft.Diagnostics.NETCore.Client.dll'
TpTrace Information: 0 : 23980, 1, 2022/11/16, 16:24:55.369, 66472306608493, vstest.console.dll, AssemblyResolver.OnResolve: Microsoft.Bcl.AsyncInterfaces: Resolving assembly.
TpTrace Information: 0 : 23980, 1, 2022/11/16, 16:24:55.369, 66472306609089, vstest.console.dll, AssemblyResolver.OnResolve: Microsoft.Bcl.AsyncInterfaces: Resolved from cache.
TpTrace Verbose: 0 : 23980, 1, 2022/11/16, 16:24:55.369, 66472306609409, vstest.console.dll, CurrentDomainAssemblyResolve: Resolving assembly 'Microsoft.Bcl.AsyncInterfaces'.
TpTrace Information: 0 : 23980, 1, 2022/11/16, 16:24:55.369, 66472306609778, vstest.console.dll, AssemblyResolver.OnResolve: Microsoft.Bcl.AsyncInterfaces: Resolving assembly.
TpTrace Information: 0 : 23980, 1, 2022/11/16, 16:24:55.369, 66472306610029, vstest.console.dll, AssemblyResolver.OnResolve: Microsoft.Bcl.AsyncInterfaces: Resolved from cache.
TpTrace Verbose: 0 : 23980, 1, 2022/11/16, 16:24:55.369, 66472306610280, vstest.console.dll, CurrentDomainAssemblyResolve: Resolving assembly 'Microsoft.Bcl.AsyncInterfaces'.
TpTrace Verbose: 0 : 23980, 1, 2022/11/16, 16:24:55.369, 66472306610499, vstest.console.dll, CurrentDomainAssemblyResolve: Failed to resolve assembly 'Microsoft.Bcl.AsyncInterfaces'.
TpTrace Verbose: 0 : 23980, 1, 2022/11/16, 16:24:55.369, 66472306611761, vstest.console.dll, CurrentDomainAssemblyResolve: Failed to resolve assembly 'Microsoft.Bcl.AsyncInterfaces'.
TpTrace Warning: 0 : 23980, 1, 2022/11/16, 16:24:55.369, 66472306614441, vstest.console.dll, TestPluginDiscoverer: Failed to get types from assembly 'Microsoft.Diagnostics.NETCore.Client, Version=0.2.5.801, Culture=neutral, PublicKeyToken=31bf3856ad364e35'. Error: System.Reflection.ReflectionTypeLoadException: Unable to load one or more of the requested types.
Could not load file or assembly 'Microsoft.Bcl.AsyncInterfaces, Version=1.0.0.0, Culture=neutral, PublicKeyToken=cc7b13ffcd2ddd51'. The system cannot find the file specified.
   at System.Reflection.RuntimeModule.GetTypes(RuntimeModule module)
   at System.Reflection.Assembly.GetTypes()
   at Microsoft.VisualStudio.TestPlatform.Common.ExtensionFramework.TestPluginDiscoverer.GetTestExtensionsFromAssembly[TPluginInfo,TExtension](Assembly assembly, Dictionary`2 pluginInfos, String filePath)
System.IO.FileNotFoundException: Could not load file or assembly 'Microsoft.Bcl.AsyncInterfaces, Version=1.0.0.0, Culture=neutral, PublicKeyToken=cc7b13ffcd2ddd51'. The system cannot find the file specified.
File name: 'Microsoft.Bcl.AsyncInterfaces, Version=1.0.0.0, Culture=neutral, PublicKeyToken=cc7b13ffcd2ddd51'
 ---> System.IO.FileNotFoundException: Could not load file or assembly 'Microsoft.Bcl.AsyncInterfaces, Culture=neutral, PublicKeyToken=null'. The system cannot find the file specified.
File name: 'Microsoft.Bcl.AsyncInterfaces, Culture=neutral, PublicKeyToken=null'
   at System.Reflection.RuntimeAssembly.InternalLoad(ObjectHandleOnStack assemblyName, ObjectHandleOnStack requestingAssembly, StackCrawlMarkHandle stackMark, Boolean throwOnFileNotFound, ObjectHandleOnStack assemblyLoadContext, ObjectHandleOnStack retAssembly)
   at System.Reflection.RuntimeAssembly.InternalLoad(AssemblyName assemblyName, RuntimeAssembly requestingAssembly, StackCrawlMark& stackMark, Boolean throwOnFileNotFound, AssemblyLoadContext assemblyLoadContext)
   at System.Reflection.Assembly.Load(AssemblyName assemblyRef)
   at Microsoft.VisualStudio.TestPlatform.Common.ExtensionFramework.TestPluginCache.CurrentDomainAssemblyResolve(Object sender, AssemblyResolveEventArgs args)
   at Microsoft.VisualStudio.TestPlatform.PlatformAbstractions.PlatformAssemblyResolver.AssemblyResolverEvent(Object sender, Object eventArgs)
   at System.Runtime.Loader.AssemblyLoadContext.GetFirstResolvedAssemblyFromResolvingEvent(AssemblyName assemblyName)
   at System.Runtime.Loader.AssemblyLoadContext.ResolveUsingEvent(AssemblyName assemblyName)
   at System.Runtime.Loader.AssemblyLoadContext.ResolveUsingResolvingEvent(IntPtr gchManagedAssemblyLoadContext, AssemblyName assemblyName)
TpTrace Warning: 0 : 23980, 1, 2022/11/16, 16:24:55.369, 66472306616024, vstest.console.dll, LoaderExceptions: System.IO.FileNotFoundException: Could not load file or assembly 'Microsoft.Bcl.AsyncInterfaces, Version=1.0.0.0, Culture=neutral, PublicKeyToken=cc7b13ffcd2ddd51'. The system cannot find the file specified.
File name: 'Microsoft.Bcl.AsyncInterfaces, Version=1.0.0.0, Culture=neutral, PublicKeyToken=cc7b13ffcd2ddd51'
 ---> System.IO.FileNotFoundException: Could not load file or assembly 'Microsoft.Bcl.AsyncInterfaces, Culture=neutral, PublicKeyToken=null'. The system cannot find the file specified.
File name: 'Microsoft.Bcl.AsyncInterfaces, Culture=neutral, PublicKeyToken=null'
   at System.Reflection.RuntimeAssembly.InternalLoad(ObjectHandleOnStack assemblyName, ObjectHandleOnStack requestingAssembly, StackCrawlMarkHandle stackMark, Boolean throwOnFileNotFound, ObjectHandleOnStack assemblyLoadContext, ObjectHandleOnStack retAssembly)
   at System.Reflection.RuntimeAssembly.InternalLoad(AssemblyName assemblyName, RuntimeAssembly requestingAssembly, StackCrawlMark& stackMark, Boolean throwOnFileNotFound, AssemblyLoadContext assemblyLoadContext)
   at System.Reflection.Assembly.Load(AssemblyName assemblyRef)
   at Microsoft.VisualStudio.TestPlatform.Common.ExtensionFramework.TestPluginCache.CurrentDomainAssemblyResolve(Object sender, AssemblyResolveEventArgs args)
   at Microsoft.VisualStudio.TestPlatform.PlatformAbstractions.PlatformAssemblyResolver.AssemblyResolverEvent(Object sender, Object eventArgs)
   at System.Runtime.Loader.AssemblyLoadContext.GetFirstResolvedAssemblyFromResolvingEvent(AssemblyName assemblyName)
   at System.Runtime.Loader.AssemblyLoadContext.ResolveUsingEvent(AssemblyName assemblyName)
   at System.Runtime.Loader.AssemblyLoadContext.ResolveUsingResolvingEvent(IntPtr gchManagedAssemblyLoadContext, AssemblyName assemblyName)
TpTrace Verbose: 0 : 23980, 1, 2022/11/16, 16:24:55.370, 66472306616762, vstest.console.dll, MetadataReaderExtensionsHelper: Discovering extensions inside assembly 'Microsoft.TestPlatform.Extensions.BlameDataCollector, Version=15.0.0.0, Culture=neutral, PublicKeyToken=b03f5f7f11d50a3a' file path 'C:\Program Files\dotnet\sdk\6.0.401\Extensions\Microsoft.TestPlatform.Extensions.BlameDataCollector.dll'
TpTrace Information: 0 : 23980, 1, 2022/11/16, 16:24:55.370, 66472306620790, vstest.console.dll, GetTestExtensionFromType: Register extension with identifier data 'logger://Microsoft/TestPlatform/Extensions/Blame/v1' and type 'Microsoft.TestPlatform.Extensions.BlameDataCollector.BlameLogger, Microsoft.TestPlatform.Extensions.BlameDataCollector, Version=15.0.0.0, Culture=neutral, PublicKeyToken=b03f5f7f11d50a3a' inside file 'C:\Program Files\dotnet\sdk\6.0.401\Extensions\Microsoft.TestPlatform.Extensions.BlameDataCollector.dll'
TpTrace Verbose: 0 : 23980, 1, 2022/11/16, 16:24:55.370, 66472306621429, vstest.console.dll, MetadataReaderExtensionsHelper: Discovering extensions inside assembly 'Microsoft.TestPlatform.Extensions.EventLogCollector, Version=15.0.0.0, Culture=neutral, PublicKeyToken=b03f5f7f11d50a3a' file path 'C:\Program Files\dotnet\sdk\6.0.401\Extensions\Microsoft.TestPlatform.Extensions.EventLogCollector.dll'
TpTrace Verbose: 0 : 23980, 1, 2022/11/16, 16:24:55.370, 66472306624093, vstest.console.dll, MetadataReaderExtensionsHelper: Discovering extensions inside assembly 'Microsoft.TestPlatform.TestHostRuntimeProvider, Version=15.0.0.0, Culture=neutral, PublicKeyToken=b03f5f7f11d50a3a' file path 'C:\Program Files\dotnet\sdk\6.0.401\Extensions\Microsoft.TestPlatform.TestHostRuntimeProvider.dll'
TpTrace Verbose: 0 : 23980, 1, 2022/11/16, 16:24:55.371, 66472306628506, vstest.console.dll, MetadataReaderExtensionsHelper: Discovering extensions inside assembly 'Microsoft.VisualStudio.TestPlatform.Extensions.Html.TestLogger, Version=15.0.0.0, Culture=neutral, PublicKeyToken=b03f5f7f11d50a3a' file path 'C:\Program Files\dotnet\sdk\6.0.401\Extensions\Microsoft.VisualStudio.TestPlatform.Extensions.Html.TestLogger.dll'
TpTrace Information: 0 : 23980, 1, 2022/11/16, 16:24:55.371, 66472306631814, vstest.console.dll, GetTestExtensionFromType: Register extension with identifier data 'logger://Microsoft/TestPlatform/HtmlLogger/v1' and type 'Microsoft.VisualStudio.TestPlatform.Extensions.HtmlLogger.HtmlLogger, Microsoft.VisualStudio.TestPlatform.Extensions.Html.TestLogger, Version=15.0.0.0, Culture=neutral, PublicKeyToken=b03f5f7f11d50a3a' inside file 'C:\Program Files\dotnet\sdk\6.0.401\Extensions\Microsoft.VisualStudio.TestPlatform.Extensions.Html.TestLogger.dll'
TpTrace Verbose: 0 : 23980, 1, 2022/11/16, 16:24:55.371, 66472306632466, vstest.console.dll, MetadataReaderExtensionsHelper: Discovering extensions inside assembly 'Microsoft.VisualStudio.TestPlatform.Extensions.Trx.TestLogger, Version=15.0.0.0, Culture=neutral, PublicKeyToken=b03f5f7f11d50a3a' file path 'C:\Program Files\dotnet\sdk\6.0.401\Extensions\Microsoft.VisualStudio.TestPlatform.Extensions.Trx.TestLogger.dll'
TpTrace Information: 0 : 23980, 1, 2022/11/16, 16:24:55.371, 66472306635490, vstest.console.dll, GetTestExtensionFromType: Register extension with identifier data 'logger://Microsoft/TestPlatform/TrxLogger/v1' and type 'Microsoft.VisualStudio.TestPlatform.Extensions.TrxLogger.TrxLogger, Microsoft.VisualStudio.TestPlatform.Extensions.Trx.TestLogger, Version=15.0.0.0, Culture=neutral, PublicKeyToken=b03f5f7f11d50a3a' inside file 'C:\Program Files\dotnet\sdk\6.0.401\Extensions\Microsoft.VisualStudio.TestPlatform.Extensions.Trx.TestLogger.dll'
TpTrace Verbose: 0 : 23980, 1, 2022/11/16, 16:24:55.371, 66472306636173, vstest.console.dll, TestPluginCache: Discovered the extensions using extension path ''.
TpTrace Verbose: 0 : 23980, 1, 2022/11/16, 16:24:55.372, 66472306636475, vstest.console.dll, TestPluginCache: Discoverers are ''.
TpTrace Verbose: 0 : 23980, 1, 2022/11/16, 16:24:55.372, 66472306636704, vstest.console.dll, TestPluginCache: Executors are ''.
TpTrace Verbose: 0 : 23980, 1, 2022/11/16, 16:24:55.372, 66472306636916, vstest.console.dll, TestPluginCache: Executors2 are ''.
TpTrace Verbose: 0 : 23980, 1, 2022/11/16, 16:24:55.372, 66472306637124, vstest.console.dll, TestPluginCache: Setting providers are ''.
TpTrace Verbose: 0 : 23980, 1, 2022/11/16, 16:24:55.372, 66472306637704, vstest.console.dll, TestPluginCache: Loggers are 'logger://Microsoft/TestPlatform/Extensions/Blame/v1,logger://Microsoft/TestPlatform/HtmlLogger/v1,logger://Microsoft/TestPlatform/TrxLogger/v1'.
TpTrace Verbose: 0 : 23980, 1, 2022/11/16, 16:24:55.372, 66472306638025, vstest.console.dll, TestPluginCache: TestHosts are 'HostProvider://DefaultTestHost,HostProvider://DotnetTestHost'.
TpTrace Verbose: 0 : 23980, 1, 2022/11/16, 16:24:55.372, 66472306638259, vstest.console.dll, TestPluginCache: DataCollectors are ''.
TpTrace Information: 0 : 23980, 1, 2022/11/16, 16:24:55.372, 66472306643586, vstest.console.dll, TestPluginManager.CreateTestExtension: Attempting to load test extension: Microsoft.TestPlatform.Extensions.BlameDataCollector.BlameLogger
TpTrace Verbose: 0 : 23980, 1, 2022/11/16, 16:24:55.378, 66472306699278, vstest.console.dll, TestEngine: Initializing Parallel Execution as MaxCpuCount is set to: 1
TpTrace Information: 0 : 23980, 1, 2022/11/16, 16:24:55.379, 66472306713830, vstest.console.dll, TestPluginManager.CreateTestExtension: Attempting to load test extension: Microsoft.VisualStudio.TestPlatform.CrossPlatEngine.Hosting.DefaultTestHostManager
TpTrace Information: 0 : 23980, 1, 2022/11/16, 16:24:55.381, 66472306730349, vstest.console.dll, TestPluginManager.CreateTestExtension: Attempting to load test extension: Microsoft.VisualStudio.TestPlatform.CrossPlatEngine.Hosting.DotnetTestHostManager
TpTrace Information: 0 : 23980, 1, 2022/11/16, 16:24:55.381, 66472306735326, vstest.console.dll, InferRunSettingsHelper.IsTestSettingsEnabled: Unable to navigate to RunSettings/MSTest. Current node: RunSettings
TpTrace Verbose: 0 : 23980, 1, 2022/11/16, 16:24:55.386, 66472306779578, vstest.console.dll, TestEngine.GetExecutionManager: Chosen execution manager 'Microsoft.VisualStudio.TestPlatform.CrossPlatEngine.Client.Parallel.ParallelProxyExecutionManager, Microsoft.TestPlatform.CrossPlatEngine, Version=15.0.0.0, Culture=neutral, PublicKeyToken=b03f5f7f11d50a3a' ParallelLevel '1'.
TpTrace Verbose: 0 : 23980, 1, 2022/11/16, 16:24:55.386, 66472306780984, vstest.console.dll, TestRunRequest.ExecuteAsync: Creating test run request.
TpTrace Verbose: 0 : 23980, 1, 2022/11/16, 16:24:55.386, 66472306782786, vstest.console.dll, TestRunRequest.ExecuteAsync: Starting.
TpTrace Information: 0 : 23980, 1, 2022/11/16, 16:24:55.387, 66472306787900, vstest.console.dll, TestRunRequest.ExecuteAsync: Starting run with settings:TestRunCriteria:
   KeepAlive=False,FrequencyOfRunStatsChangeEvent=10,RunStatsChangeEventTimeout=00:00:01.5000000,TestCaseFilter=,TestExecutorLauncher=
   Settingsxml=<RunSettings>
  <RunConfiguration>
    <ResultsDirectory>C:\Users\harteoti\BestJobsProject\PSI-2022-Apr-DotNet-Eng-Batch\BestJobs\xUnitRepoTest\bin\Debug\net5.0\fine-code-coverage\coverage-tool-output</ResultsDirectory>
    <TargetPlatform>X64</TargetPlatform>
    <TargetFrameworkVersion>.NETCoreApp,Version=v5.0</TargetFrameworkVersion>
    <DesignMode>False</DesignMode>
    <CollectSourceInformation>False</CollectSourceInformation>
  </RunConfiguration>
  <LoggerRunSettings>
    <Loggers>
      <Logger friendlyName="blame" enabled="True" />
      <Logger friendlyName="Console" uri="logger://microsoft/TestPlatform/ConsoleLogger/v1" assemblyQualifiedName="Microsoft.VisualStudio.TestPlatform.CommandLine.Internal.ConsoleLogger, vstest.console, Version=15.0.0.0, Culture=neutral, PublicKeyToken=b03f5f7f11d50a3a" codeBase="C:\Program Files\dotnet\sdk\6.0.401\vstest.console.dll" enabled="True" />
    </Loggers>
  </LoggerRunSettings>
  <DataCollectionRunSettings>
    <DataCollectors>
      <DataCollector friendlyName="blame" enabled="True">
        <Configuration>
          <ResultsDirectory>C:\Users\harteoti\BestJobsProject\PSI-2022-Apr-DotNet-Eng-Batch\BestJobs\xUnitRepoTest\bin\Debug\net5.0\fine-code-coverage\coverage-tool-output</ResultsDirectory>
        </Configuration>
      </DataCollector>
    </DataCollectors>
  </DataCollectionRunSettings>
</RunSettings>

TpTrace Verbose: 0 : 23980, 1, 2022/11/16, 16:24:55.387, 66472306788797, vstest.console.dll, TestRunRequest.ExecuteAsync: Wait for the first run request is over.
TpTrace Verbose: 0 : 23980, 1, 2022/11/16, 16:24:55.387, 66472306791432, vstest.console.dll, MulticastDelegateUtilities.SafeInvoke: TestRun.TestRunStart: Invoking callbacks was skipped because there are no subscribers.
TpTrace Verbose: 0 : 23980, 4, 2022/11/16, 16:24:55.387, 66472306794162, vstest.console.dll, MulticastDelegateUtilities.SafeInvoke: InternalTestLoggerEvents.SendTestRunStart: Invoking callback 1/1 for Microsoft.VisualStudio.TestPlatform.CommandLine.Internal.ConsoleLogger.TestRunStartHandler, took 0 ms.
TpTrace Verbose: 0 : 23980, 1, 2022/11/16, 16:24:55.388, 66472306800749, vstest.console.dll, ParallelProxyExecutionManager: Start execution. Total sources: 1
TpTrace Verbose: 0 : 23980, 1, 2022/11/16, 16:24:55.390, 66472306818204, vstest.console.dll, TestRequestSender is acting as server.
TpTrace Verbose: 0 : 23980, 1, 2022/11/16, 16:24:55.391, 66472306836301, vstest.console.dll, DataCollectionRequestSender.InitializeCommunication : Initialize communication. 
TpTrace Information: 0 : 23980, 1, 2022/11/16, 16:24:55.478, 66472307698399, vstest.console.dll, Listening on Endpoint : 127.0.0.1:63323
TpTrace Verbose: 0 : 23980, 1, 2022/11/16, 16:24:55.485, 66472307775754, vstest.console.dll, DotnetDataCollectionLauncher: Adding  --runtimeconfig "C:\Program Files\dotnet\sdk\6.0.401\datacollector.runtimeconfig.json" in args
TpTrace Verbose: 0 : 23980, 1, 2022/11/16, 16:24:55.486, 66472307777378, vstest.console.dll, DotnetDataCollectionLauncher: Adding  --depsfile "C:\Program Files\dotnet\sdk\6.0.401\datacollector.deps.json" in args
TpTrace Verbose: 0 : 23980, 1, 2022/11/16, 16:24:55.486, 66472307778572, vstest.console.dll, DotnetDataCollectionLauncher: Full path of dotnet.exe is C:\Program Files\dotnet\dotnet.exe
TpTrace Information: 0 : 23980, 1, 2022/11/16, 16:24:55.554, 66472308465779, vstest.console.dll, ProxyDataCollectionManager.Initialize: Launched datacollector processId: 5808 port: 63323
TpTrace Information: 0 : 23980, 1, 2022/11/16, 16:24:55.555, 66472308467505, vstest.console.dll, ProxyDataCollectionManager.Initialize: waiting for connection with timeout: 90 seconds
TpTrace Verbose: 0 : 23980, 1, 2022/11/16, 16:24:55.555, 66472308468177, vstest.console.dll, DataCollectionRequestSender.WaitForRequestHandlerConnection : Waiting for connection with timeout: 90000
TpTrace Verbose: 0 : 23980, 1, 2022/11/16, 16:24:55.943, 66472312347263, vstest.console.dll, SocketCommunicationManager.WaitForClientConnection took: 387 ms, with 90000 ms timeout, and finished with True.
TpTrace Information: 0 : 23980, 5, 2022/11/16, 16:24:55.943, 66472312347158, vstest.console.dll, Using the buffer size of 16384 bytes
TpTrace Information: 0 : 23980, 5, 2022/11/16, 16:24:55.943, 66472312350254, vstest.console.dll, Accepted Client request and set the flag
TpTrace Verbose: 0 : 23980, 1, 2022/11/16, 16:24:55.943, 66472312350463, vstest.console.dll, ProxyDataCollectionManager.InvokeDataCollectionServiceAction: Starting.
TpTrace Information: 0 : 23980, 1, 2022/11/16, 16:24:55.943, 66472312351781, vstest.console.dll, ProxyDataCollectionManager.BeforeTestRunStart: Get environment variable and port for datacollector processId: 5808 port: 63323
TpTrace Verbose: 0 : 23980, 1, 2022/11/16, 16:24:55.943, 66472312353647, vstest.console.dll, DataCollectionRequestSender.SendBeforeTestRunStartAndGetResult: Send BeforeTestRunStart message with settingsXml <RunSettings><RunConfiguration><ResultsDirectory>C:\Users\harteoti\BestJobsProject\PSI-2022-Apr-DotNet-Eng-Batch\BestJobs\xUnitRepoTest\bin\Debug\net5.0\fine-code-coverage\coverage-tool-output</ResultsDirectory><TargetPlatform>X64</TargetPlatform><TargetFrameworkVersion>.NETCoreApp,Version=v5.0</TargetFrameworkVersion><DesignMode>False</DesignMode><CollectSourceInformation>False</CollectSourceInformation><TestAdaptersPaths>C:\Program Files\dotnet\sdk\6.0.401\Extensions</TestAdaptersPaths></RunConfiguration><LoggerRunSettings><Loggers><Logger friendlyName="blame" enabled="True" /><Logger friendlyName="Console" uri="logger://microsoft/TestPlatform/ConsoleLogger/v1" assemblyQualifiedName="Microsoft.VisualStudio.TestPlatform.CommandLine.Internal.ConsoleLogger, vstest.console, Version=15.0.0.0, Culture=neutral, PublicKeyToken=b03f5f7f11d50a3a" codeBase="C:\Program Files\dotnet\sdk\6.0.401\vstest.console.dll" enabled="True" /></Loggers></LoggerRunSettings><DataCollectionRunSettings><DataCollectors><DataCollector friendlyName="blame" enabled="True"><Configuration><ResultsDirectory>C:\Users\harteoti\BestJobsProject\PSI-2022-Apr-DotNet-Eng-Batch\BestJobs\xUnitRepoTest\bin\Debug\net5.0\fine-code-coverage\coverage-tool-output</ResultsDirectory></Configuration></DataCollector></DataCollectors></DataCollectionRunSettings></RunSettings> and sources System.Collections.Generic.List`1[System.String]: 
TpTrace Verbose: 0 : 23980, 1, 2022/11/16, 16:24:56.042, 66472313338687, vstest.console.dll, DataCollectionRequestSender.SendBeforeTestRunStartAndGetResult: Received message: (DataCollection.SendMessage) -> {"MessageType":"DataCollection.SendMessage","Payload":{"FriendlyName":null,"Uri":null,"TestCaseId":"00000000-0000-0000-0000-000000000000","Message":"Logging DataCollector Diagnostics in file: C:\\Users\\harteoti\\BestJobsProject\\PSI-2022-Apr-DotNet-Eng-Batch\\BestJobs\\xUnitRepoTest\\bin\\Debug\\net5.0\\fine-code-coverage\\coverage-tool-output\\diagnostics.datacollector.22-11-16_16-24-55_48563_1.log","Level":0}}
TpTrace Verbose: 0 : 23980, 1, 2022/11/16, 16:24:56.152, 66472314438388, vstest.console.dll, DataCollectionRequestSender.SendBeforeTestRunStartAndGetResult: Received message: (DataCollection.BeforeTestRunStartResult) -> {"MessageType":"DataCollection.BeforeTestRunStartResult","Payload":{"EnvironmentVariables":{},"DataCollectionEventsPort":63325}}
TpTrace Information: 0 : 23980, 1, 2022/11/16, 16:24:56.158, 66472314505224, vstest.console.dll, ProxyDataCollectionManager.BeforeTestRunStart: SendBeforeTestRunStartAndGetResult successful, env variable from datacollector:   and testhost port: 63325
TpTrace Information: 0 : 23980, 1, 2022/11/16, 16:24:56.159, 66472314506837, vstest.console.dll, ProxyDataCollectionManager.InvokeDataCollectionServiceAction: Completed.
TpTrace Verbose: 0 : 23980, 1, 2022/11/16, 16:24:56.159, 66472314508386, vstest.console.dll, ProxyParallelExecutionManager: No sources available for execution.
TpTrace Verbose: 0 : 23980, 7, 2022/11/16, 16:24:56.159, 66472314508912, vstest.console.dll, ParallelProxyExecutionManager: Execution started. Started clients: 1
TpTrace Information: 0 : 23980, 1, 2022/11/16, 16:24:56.159, 66472314509082, vstest.console.dll, TestRunRequest.ExecuteAsync: Started.
TpTrace Verbose: 0 : 23980, 1, 2022/11/16, 16:24:56.159, 66472314510865, vstest.console.dll, TestRunRequest.WaitForCompletion: Waiting with timeout -1.
TpTrace Verbose: 0 : 23980, 7, 2022/11/16, 16:24:56.159, 66472314511900, vstest.console.dll, TestRunRequest:SendTestRunMessage: Starting.
TpTrace Verbose: 0 : 23980, 4, 2022/11/16, 16:24:56.159, 66472314513642, vstest.console.dll, MulticastDelegateUtilities.SafeInvoke: InternalTestLoggerEvents.SendTestRunMessage: Invoking callback 1/1 for Microsoft.VisualStudio.TestPlatform.CommandLine.Internal.ConsoleLogger.TestMessageHandler, took 0 ms.
TpTrace Verbose: 0 : 23980, 7, 2022/11/16, 16:24:56.159, 66472314513631, vstest.console.dll, MulticastDelegateUtilities.SafeInvoke: TestRun.LogMessages: Invoking callback 1/1 for Microsoft.VisualStudio.TestPlatform.CommandLine.TestRunResultAggregator.TestRunMessageHandler, took 0 ms.
TpTrace Information: 0 : 23980, 7, 2022/11/16, 16:24:56.159, 66472314515511, vstest.console.dll, TestRunRequest:SendTestRunMessage: Completed.
TpTrace Verbose: 0 : 23980, 7, 2022/11/16, 16:24:56.160, 66472314517379, vstest.console.dll, ProxyExecutionManager: Test host is always Lazy initialize.
TpTrace Verbose: 0 : 23980, 7, 2022/11/16, 16:24:56.160, 66472314519394, vstest.console.dll, TestRequestSender.InitializeCommunication: initialize communication. 
TpTrace Information: 0 : 23980, 7, 2022/11/16, 16:24:56.162, 66472314543398, vstest.console.dll, SocketServer.Start: Listening on endpoint : 127.0.0.1:63326
TpTrace Verbose: 0 : 23980, 7, 2022/11/16, 16:24:56.163, 66472314552829, vstest.console.dll, DotnetTestHostmanager.GetTestHostProcessStartInfo: Platform environment 'X64' target architecture 'X64' framework '.NETCoreApp,Version=v5.0' OS 'Windows'
TpTrace Verbose: 0 : 23980, 7, 2022/11/16, 16:24:56.164, 66472314558435, vstest.console.dll, DotnetTestHostmanager: Adding  --runtimeconfig "C:\Users\harteoti\BestJobsProject\PSI-2022-Apr-DotNet-Eng-Batch\BestJobs\xUnitRepoTest\bin\Debug\net5.0\fine-code-coverage\build-output\xUnitRepoTest.runtimeconfig.json" in args
TpTrace Verbose: 0 : 23980, 7, 2022/11/16, 16:24:56.164, 66472314559744, vstest.console.dll, DotnetTestHostmanager: Adding  --depsfile "C:\Users\harteoti\BestJobsProject\PSI-2022-Apr-DotNet-Eng-Batch\BestJobs\xUnitRepoTest\bin\Debug\net5.0\fine-code-coverage\build-output\xUnitRepoTest.deps.json" in args
TpTrace Verbose: 0 : 23980, 7, 2022/11/16, 16:24:56.164, 66472314562457, vstest.console.dll, DotnetTestHostmanager.IsWinOnArm: Current PROCESSOR_ARCHITECTURE from environment variable 'AMD64'
TpTrace Verbose: 0 : 23980, 7, 2022/11/16, 16:24:56.164, 66472314563138, vstest.console.dll, DotnetTestHostmanager.IsWinOnArm: Is Windows on ARM 'False'
TpTrace Verbose: 0 : 23980, 7, 2022/11/16, 16:24:56.164, 66472314563970, vstest.console.dll, DotnetTestHostManager: testhost.exe found at path: C:\Users\harteoti\BestJobsProject\PSI-2022-Apr-DotNet-Eng-Batch\BestJobs\xUnitRepoTest\bin\Debug\net5.0\fine-code-coverage\build-output\testhost.exe
TpTrace Verbose: 0 : 23980, 7, 2022/11/16, 16:24:56.164, 66472314564405, vstest.console.dll, DotnetTestHostmanager: Full path of host exe is C:\Users\harteoti\BestJobsProject\PSI-2022-Apr-DotNet-Eng-Batch\BestJobs\xUnitRepoTest\bin\Debug\net5.0\fine-code-coverage\build-output\testhost.exe
TpTrace Verbose: 0 : 23980, 7, 2022/11/16, 16:24:56.164, 66472314565607, vstest.console.dll, DotnetTestHostmanager.LaunchTestHostAsync: Found 'VSTEST_WINAPPHOST_DOTNET_ROOT' in env variables, value 'C:\Program Files\dotnet', forwarding to 'DOTNET_ROOT'
TpTrace Verbose: 0 : 23980, 7, 2022/11/16, 16:24:56.165, 66472314567396, vstest.console.dll, DotnetTestHostManager: Starting process 'C:\Users\harteoti\BestJobsProject\PSI-2022-Apr-DotNet-Eng-Batch\BestJobs\xUnitRepoTest\bin\Debug\net5.0\fine-code-coverage\build-output\testhost.exe' with command line ' --runtimeconfig "C:\Users\harteoti\BestJobsProject\PSI-2022-Apr-DotNet-Eng-Batch\BestJobs\xUnitRepoTest\bin\Debug\net5.0\fine-code-coverage\build-output\xUnitRepoTest.runtimeconfig.json" --depsfile "C:\Users\harteoti\BestJobsProject\PSI-2022-Apr-DotNet-Eng-Batch\BestJobs\xUnitRepoTest\bin\Debug\net5.0\fine-code-coverage\build-output\xUnitRepoTest.deps.json" --port 63326 --endpoint 127.0.0.1:063326 --role client --parentprocessid 23980 --diag "C:\Users\harteoti\BestJobsProject\PSI-2022-Apr-DotNet-Eng-Batch\BestJobs\xUnitRepoTest\bin\Debug\net5.0\fine-code-coverage\coverage-tool-output\diagnostics.host.22-11-16_16-24-56_16331_7.log" --tracelevel 4 --datacollectionport 63325 --telemetryoptedin false'
TpTrace Verbose: 0 : 23980, 7, 2022/11/16, 16:24:56.261, 66472315532692, vstest.console.dll, MulticastDelegateUtilities.SafeInvoke: HostProviderEvents.OnHostLaunched: Invoking callback 1/2 for Microsoft.VisualStudio.TestPlatform.CrossPlatEngine.Client.ProxyExecutionManagerWithDataCollection.TestHostLaunchedHandler, took 1 ms.
TpTrace Verbose: 0 : 23980, 7, 2022/11/16, 16:24:56.261, 66472315534649, vstest.console.dll, Test Runtime launched
TpTrace Verbose: 0 : 23980, 7, 2022/11/16, 16:24:56.261, 66472315535578, vstest.console.dll, MulticastDelegateUtilities.SafeInvoke: HostProviderEvents.OnHostLaunched: Invoking callback 2/2 for Microsoft.VisualStudio.TestPlatform.CrossPlatEngine.Client.ProxyOperationManager.TestHostManagerHostLaunched, took 0 ms.
TpTrace Verbose: 0 : 23980, 7, 2022/11/16, 16:24:56.262, 66472315540668, vstest.console.dll, TestRequestSender.WaitForRequestHandlerConnection: waiting for connection with timeout: 90000.
TpTrace Verbose: 0 : 23980, 7, 2022/11/16, 16:24:56.860, 66472321520009, vstest.console.dll, TestRequestSender.WaitForRequestHandlerConnection: waiting took 597 ms, with timeout 90000 ms, and result 0, which is success.
TpTrace Verbose: 0 : 23980, 13, 2022/11/16, 16:24:56.860, 66472321520009, vstest.console.dll, MulticastDelegateUtilities.SafeInvoke: SocketServer: ClientConnected: Invoking callback 1/1 for Microsoft.VisualStudio.TestPlatform.CommunicationUtilities.TestRequestSender.<InitializeCommunication>b__24_0, took 0 ms.
TpTrace Verbose: 0 : 23980, 13, 2022/11/16, 16:24:56.860, 66472321522150, vstest.console.dll, SocketServer.OnClientConnected: Client connected for endPoint: 127.0.0.1:63326, starting MessageLoopAsync:
TpTrace Verbose: 0 : 23980, 13, 2022/11/16, 16:24:56.861, 66472321529204, vstest.console.dll, TcpClientExtensions.MessageLoopAsync: Polling on remoteEndPoint: 127.0.0.1:63327 localEndPoint: 127.0.0.1:63326
TpTrace Verbose: 0 : 23980, 7, 2022/11/16, 16:24:56.862, 66472321537295, vstest.console.dll, TestRequestSender.CheckVersionWithTestHost: Sending check version message: {"MessageType":"ProtocolVersion","Payload":7}
TpTrace Verbose: 0 : 23980, 13, 2022/11/16, 16:24:57.039, 66472323312133, vstest.console.dll, TcpClientExtensions.MessageLoopAsync: NotifyDataAvailable remoteEndPoint: 127.0.0.1:63327 localEndPoint: 127.0.0.1:63326
TpTrace Verbose: 0 : 23980, 13, 2022/11/16, 16:24:57.040, 66472323322147, vstest.console.dll, TestRequestSender.CheckVersionWithTestHost: onMessageReceived received message: (ProtocolVersion) -> {"MessageType":"ProtocolVersion","Payload":5}
TpTrace Verbose: 0 : 23980, 13, 2022/11/16, 16:24:57.043, 66472323346175, vstest.console.dll, MulticastDelegateUtilities.SafeInvoke: LengthPrefixCommunicationChannel: MessageReceived: Invoking callback 1/1 for Microsoft.VisualStudio.TestPlatform.CommunicationUtilities.TestRequestSender+<>c__DisplayClass26_0.<CheckVersionWithTestHost>b__0, took 2 ms.
TpTrace Verbose: 0 : 23980, 7, 2022/11/16, 16:24:57.043, 66472323347253, vstest.console.dll, TestPluginCache.GetExtensionPaths: Filtered extension paths: 
TpTrace Verbose: 0 : 23980, 13, 2022/11/16, 16:24:57.043, 66472323348412, vstest.console.dll, TcpClientExtensions.MessageLoopAsync: Polling on remoteEndPoint: 127.0.0.1:63327 localEndPoint: 127.0.0.1:63326
TpTrace Verbose: 0 : 23980, 7, 2022/11/16, 16:24:57.043, 66472323349026, vstest.console.dll, TestPluginCache.GetExtensionPaths: Added default extension paths: C:\Program Files\dotnet\sdk\6.0.401\Extensions\Microsoft.Diagnostics.NETCore.Client.dll
C:\Program Files\dotnet\sdk\6.0.401\Extensions\Microsoft.TestPlatform.Extensions.BlameDataCollector.dll
C:\Program Files\dotnet\sdk\6.0.401\Extensions\Microsoft.TestPlatform.Extensions.EventLogCollector.dll
C:\Program Files\dotnet\sdk\6.0.401\Extensions\Microsoft.TestPlatform.TestHostRuntimeProvider.dll
C:\Program Files\dotnet\sdk\6.0.401\Extensions\Microsoft.VisualStudio.TestPlatform.Extensions.Html.TestLogger.dll
C:\Program Files\dotnet\sdk\6.0.401\Extensions\Microsoft.VisualStudio.TestPlatform.Extensions.Trx.TestLogger.dll
TpTrace Verbose: 0 : 23980, 7, 2022/11/16, 16:24:57.043, 66472323351261, vstest.console.dll, TestPluginCache.GetExtensionPaths: Added unfilterableExtensionPaths: 
TpTrace Verbose: 0 : 23980, 7, 2022/11/16, 16:24:57.048, 66472323403303, vstest.console.dll, TestRequestSender.InitializeExecution: Sending initialize execution with message: {"Version":5,"MessageType":"TestExecution.Initialize","Payload":["C:\\Users\\harteoti\\BestJobsProject\\PSI-2022-Apr-DotNet-Eng-Batch\\BestJobs\\xUnitRepoTest\\bin\\Debug\\net5.0\\fine-code-coverage\\build-output\\xunit.runner.visualstudio.dotnetcore.testadapter.dll"]}
TpTrace Warning: 0 : 23980, 7, 2022/11/16, 16:24:57.049, 66472323410168, vstest.console.dll, InferRunSettingsHelper.MakeRunsettingsCompatible: Removing the following settings: TargetPlatform from RunSettings file. To use those settings please move to latest version of Microsoft.NET.Test.Sdk
TpTrace Verbose: 0 : 23980, 13, 2022/11/16, 16:24:57.055, 66472323466317, vstest.console.dll, TcpClientExtensions.MessageLoopAsync: NotifyDataAvailable remoteEndPoint: 127.0.0.1:63327 localEndPoint: 127.0.0.1:63326
TpTrace Verbose: 0 : 23980, 13, 2022/11/16, 16:24:57.055, 66472323469232, vstest.console.dll, TestRequestSender.OnExecutionMessageReceived: Received message: {"Version":5,"MessageType":"TestSession.Message","Payload":{"MessageLevel":0,"Message":"Logging TestHost Diagnostics in file: C:\\Users\\harteoti\\BestJobsProject\\PSI-2022-Apr-DotNet-Eng-Batch\\BestJobs\\xUnitRepoTest\\bin\\Debug\\net5.0\\fine-code-coverage\\coverage-tool-output\\diagnostics.host.22-11-16_16-24-56_16331_7.log"}}
TpTrace Verbose: 0 : 23980, 13, 2022/11/16, 16:24:57.059, 66472323512557, vstest.console.dll, TestRunRequest:SendTestRunMessage: Starting.
TpTrace Verbose: 0 : 23980, 13, 2022/11/16, 16:24:57.059, 66472323514684, vstest.console.dll, MulticastDelegateUtilities.SafeInvoke: TestRun.LogMessages: Invoking callback 1/1 for Microsoft.VisualStudio.TestPlatform.CommandLine.TestRunResultAggregator.TestRunMessageHandler, took 0 ms.
TpTrace Verbose: 0 : 23980, 4, 2022/11/16, 16:24:57.059, 66472323514784, vstest.console.dll, MulticastDelegateUtilities.SafeInvoke: InternalTestLoggerEvents.SendTestRunMessage: Invoking callback 1/1 for Microsoft.VisualStudio.TestPlatform.CommandLine.Internal.ConsoleLogger.TestMessageHandler, took 0 ms.
TpTrace Information: 0 : 23980, 13, 2022/11/16, 16:24:57.060, 66472323515324, vstest.console.dll, TestRunRequest:SendTestRunMessage: Completed.
TpTrace Verbose: 0 : 23980, 13, 2022/11/16, 16:24:57.060, 66472323516782, vstest.console.dll, MulticastDelegateUtilities.SafeInvoke: LengthPrefixCommunicationChannel: MessageReceived: Invoking callback 1/1 for Microsoft.VisualStudio.TestPlatform.CommunicationUtilities.TestRequestSender+<>c__DisplayClass31_0.<StartTestRun>b__1, took 4 ms.
TpTrace Verbose: 0 : 23980, 13, 2022/11/16, 16:24:57.060, 66472323517260, vstest.console.dll, TcpClientExtensions.MessageLoopAsync: Polling on remoteEndPoint: 127.0.0.1:63327 localEndPoint: 127.0.0.1:63326
TpTrace Verbose: 0 : 23980, 7, 2022/11/16, 16:24:57.061, 66472323527324, vstest.console.dll, TestRequestSender.StartTestRun: Sending test run with message: {"Version":5,"MessageType":"TestExecution.StartWithSources","Payload":{"AdapterSourceMap":{"_none_":["C:\\Users\\harteoti\\BestJobsProject\\PSI-2022-Apr-DotNet-Eng-Batch\\BestJobs\\xUnitRepoTest\\bin\\Debug\\net5.0\\fine-code-coverage\\build-output\\xUnitRepoTest.dll"]},"RunSettings":"<RunSettings>\r\n  <RunConfiguration>\r\n    <ResultsDirectory>C:\\Users\\harteoti\\BestJobsProject\\PSI-2022-Apr-DotNet-Eng-Batch\\BestJobs\\xUnitRepoTest\\bin\\Debug\\net5.0\\fine-code-coverage\\coverage-tool-output</ResultsDirectory>\r\n    <TargetFrameworkVersion>.NETCoreApp,Version=v5.0</TargetFrameworkVersion>\r\n    <DesignMode>False</DesignMode>\r\n    <CollectSourceInformation>False</CollectSourceInformation>\r\n  </RunConfiguration>\r\n  <LoggerRunSettings>\r\n    <Loggers>\r\n      <Logger friendlyName=\"blame\" enabled=\"True\" />\r\n      <Logger friendlyName=\"Console\" uri=\"logger://microsoft/TestPlatform/ConsoleLogger/v1\" assemblyQualifiedName=\"Microsoft.VisualStudio.TestPlatform.CommandLine.Internal.ConsoleLogger, vstest.console, Version=15.0.0.0, Culture=neutral, PublicKeyToken=b03f5f7f11d50a3a\" codeBase=\"C:\\Program Files\\dotnet\\sdk\\6.0.401\\vstest.console.dll\" enabled=\"True\" />\r\n    </Loggers>\r\n  </LoggerRunSettings>\r\n  <DataCollectionRunSettings>\r\n    <DataCollectors>\r\n      <DataCollector friendlyName=\"blame\" enabled=\"True\">\r\n        <Configuration>\r\n          <ResultsDirectory>C:\\Users\\harteoti\\BestJobsProject\\PSI-2022-Apr-DotNet-Eng-Batch\\BestJobs\\xUnitRepoTest\\bin\\Debug\\net5.0\\fine-code-coverage\\coverage-tool-output</ResultsDirectory>\r\n        </Configuration>\r\n      </DataCollector>\r\n    </DataCollectors>\r\n  </DataCollectionRunSettings>\r\n</RunSettings>","TestExecutionContext":{"FrequencyOfRunStatsChangeEvent":10,"RunStatsChangeEventTimeout":"00:00:01.5000000","InIsolation":false,"KeepAlive":false,"AreTestCaseLevelEventsRequired":false,"IsDebug":false,"TestCaseFilter":null,"FilterOptions":null},"Package":null}}
TpTrace Verbose: 0 : 23980, 13, 2022/11/16, 16:24:57.225, 66472325172296, vstest.console.dll, TcpClientExtensions.MessageLoopAsync: NotifyDataAvailable remoteEndPoint: 127.0.0.1:63327 localEndPoint: 127.0.0.1:63326
TpTrace Verbose: 0 : 23980, 13, 2022/11/16, 16:24:57.225, 66472325174025, vstest.console.dll, TestRequestSender.OnExecutionMessageReceived: Received message: {"Version":5,"MessageType":"TestSession.Message","Payload":{"MessageLevel":0,"Message":"[xUnit.net 00:00:00.00] xUnit.net VSTest Adapter v2.4.3+1b45f5407b (64-bit .NET 5.0.17)"}}
TpTrace Verbose: 0 : 23980, 13, 2022/11/16, 16:24:57.226, 66472325175809, vstest.console.dll, TestRunRequest:SendTestRunMessage: Starting.
TpTrace Verbose: 0 : 23980, 13, 2022/11/16, 16:24:57.226, 66472325176465, vstest.console.dll, MulticastDelegateUtilities.SafeInvoke: TestRun.LogMessages: Invoking callback 1/1 for Microsoft.VisualStudio.TestPlatform.CommandLine.TestRunResultAggregator.TestRunMessageHandler, took 0 ms.
TpTrace Information: 0 : 23980, 13, 2022/11/16, 16:24:57.226, 66472325176779, vstest.console.dll, TestRunRequest:SendTestRunMessage: Completed.
TpTrace Verbose: 0 : 23980, 4, 2022/11/16, 16:24:57.226, 66472325176858, vstest.console.dll, MulticastDelegateUtilities.SafeInvoke: InternalTestLoggerEvents.SendTestRunMessage: Invoking callback 1/1 for Microsoft.VisualStudio.TestPlatform.CommandLine.Internal.ConsoleLogger.TestMessageHandler, took 0 ms.
TpTrace Verbose: 0 : 23980, 13, 2022/11/16, 16:24:57.226, 66472325177059, vstest.console.dll, MulticastDelegateUtilities.SafeInvoke: LengthPrefixCommunicationChannel: MessageReceived: Invoking callback 1/1 for Microsoft.VisualStudio.TestPlatform.CommunicationUtilities.TestRequestSender+<>c__DisplayClass31_0.<StartTestRun>b__1, took 0 ms.
TpTrace Verbose: 0 : 23980, 13, 2022/11/16, 16:24:57.226, 66472325178485, vstest.console.dll, TcpClientExtensions.MessageLoopAsync: Polling on remoteEndPoint: 127.0.0.1:63327 localEndPoint: 127.0.0.1:63326
TpTrace Verbose: 0 : 23980, 13, 2022/11/16, 16:24:57.797, 66472330892284, vstest.console.dll, TcpClientExtensions.MessageLoopAsync: NotifyDataAvailable remoteEndPoint: 127.0.0.1:63327 localEndPoint: 127.0.0.1:63326
TpTrace Verbose: 0 : 23980, 13, 2022/11/16, 16:24:57.797, 66472330893987, vstest.console.dll, TestRequestSender.OnExecutionMessageReceived: Received message: {"Version":5,"MessageType":"TestSession.Message","Payload":{"MessageLevel":0,"Message":"[xUnit.net 00:00:00.58]   Discovering: xUnitRepoTest"}}
TpTrace Verbose: 0 : 23980, 13, 2022/11/16, 16:24:57.798, 66472330895126, vstest.console.dll, TestRunRequest:SendTestRunMessage: Starting.
TpTrace Verbose: 0 : 23980, 13, 2022/11/16, 16:24:57.798, 66472330896049, vstest.console.dll, MulticastDelegateUtilities.SafeInvoke: TestRun.LogMessages: Invoking callback 1/1 for Microsoft.VisualStudio.TestPlatform.CommandLine.TestRunResultAggregator.TestRunMessageHandler, took 0 ms.
TpTrace Information: 0 : 23980, 13, 2022/11/16, 16:24:57.798, 66472330896434, vstest.console.dll, TestRunRequest:SendTestRunMessage: Completed.
TpTrace Verbose: 0 : 23980, 13, 2022/11/16, 16:24:57.798, 66472330896699, vstest.console.dll, MulticastDelegateUtilities.SafeInvoke: LengthPrefixCommunicationChannel: MessageReceived: Invoking callback 1/1 for Microsoft.VisualStudio.TestPlatform.CommunicationUtilities.TestRequestSender+<>c__DisplayClass31_0.<StartTestRun>b__1, took 0 ms.
TpTrace Verbose: 0 : 23980, 13, 2022/11/16, 16:24:57.798, 66472330896934, vstest.console.dll, TcpClientExtensions.MessageLoopAsync: Polling on remoteEndPoint: 127.0.0.1:63327 localEndPoint: 127.0.0.1:63326
TpTrace Verbose: 0 : 23980, 4, 2022/11/16, 16:24:57.798, 66472330897046, vstest.console.dll, MulticastDelegateUtilities.SafeInvoke: InternalTestLoggerEvents.SendTestRunMessage: Invoking callback 1/1 for Microsoft.VisualStudio.TestPlatform.CommandLine.Internal.ConsoleLogger.TestMessageHandler, took 0 ms.
TpTrace Verbose: 0 : 23980, 13, 2022/11/16, 16:24:57.835, 66472331267331, vstest.console.dll, TcpClientExtensions.MessageLoopAsync: NotifyDataAvailable remoteEndPoint: 127.0.0.1:63327 localEndPoint: 127.0.0.1:63326
TpTrace Verbose: 0 : 23980, 13, 2022/11/16, 16:24:57.835, 66472331268995, vstest.console.dll, TestRequestSender.OnExecutionMessageReceived: Received message: {"Version":5,"MessageType":"TestSession.Message","Payload":{"MessageLevel":0,"Message":"[xUnit.net 00:00:00.61]   Discovered:  xUnitRepoTest"}}
TpTrace Verbose: 0 : 23980, 13, 2022/11/16, 16:24:57.835, 66472331270279, vstest.console.dll, TestRunRequest:SendTestRunMessage: Starting.
TpTrace Verbose: 0 : 23980, 13, 2022/11/16, 16:24:57.835, 66472331271055, vstest.console.dll, MulticastDelegateUtilities.SafeInvoke: TestRun.LogMessages: Invoking callback 1/1 for Microsoft.VisualStudio.TestPlatform.CommandLine.TestRunResultAggregator.TestRunMessageHandler, took 0 ms.
TpTrace Information: 0 : 23980, 13, 2022/11/16, 16:24:57.835, 66472331271497, vstest.console.dll, TestRunRequest:SendTestRunMessage: Completed.
TpTrace Verbose: 0 : 23980, 13, 2022/11/16, 16:24:57.835, 66472331271905, vstest.console.dll, MulticastDelegateUtilities.SafeInvoke: LengthPrefixCommunicationChannel: MessageReceived: Invoking callback 1/1 for Microsoft.VisualStudio.TestPlatform.CommunicationUtilities.TestRequestSender+<>c__DisplayClass31_0.<StartTestRun>b__1, took 0 ms.
TpTrace Verbose: 0 : 23980, 13, 2022/11/16, 16:24:57.835, 66472331272391, vstest.console.dll, TcpClientExtensions.MessageLoopAsync: Polling on remoteEndPoint: 127.0.0.1:63327 localEndPoint: 127.0.0.1:63326
TpTrace Verbose: 0 : 23980, 4, 2022/11/16, 16:24:57.835, 66472331272097, vstest.console.dll, MulticastDelegateUtilities.SafeInvoke: InternalTestLoggerEvents.SendTestRunMessage: Invoking callback 1/1 for Microsoft.VisualStudio.TestPlatform.CommandLine.Internal.ConsoleLogger.TestMessageHandler, took 0 ms.
TpTrace Verbose: 0 : 23980, 13, 2022/11/16, 16:24:57.838, 66472331298082, vstest.console.dll, TcpClientExtensions.MessageLoopAsync: NotifyDataAvailable remoteEndPoint: 127.0.0.1:63327 localEndPoint: 127.0.0.1:63326
TpTrace Verbose: 0 : 23980, 13, 2022/11/16, 16:24:57.838, 66472331299148, vstest.console.dll, TestRequestSender.OnExecutionMessageReceived: Received message: {"Version":5,"MessageType":"TestSession.Message","Payload":{"MessageLevel":0,"Message":"[xUnit.net 00:00:00.62]   Starting:    xUnitRepoTest"}}
TpTrace Verbose: 0 : 23980, 13, 2022/11/16, 16:24:57.838, 66472331299975, vstest.console.dll, TestRunRequest:SendTestRunMessage: Starting.
TpTrace Verbose: 0 : 23980, 13, 2022/11/16, 16:24:57.838, 66472331300540, vstest.console.dll, MulticastDelegateUtilities.SafeInvoke: TestRun.LogMessages: Invoking callback 1/1 for Microsoft.VisualStudio.TestPlatform.CommandLine.TestRunResultAggregator.TestRunMessageHandler, took 0 ms.
TpTrace Information: 0 : 23980, 13, 2022/11/16, 16:24:57.838, 66472331300776, vstest.console.dll, TestRunRequest:SendTestRunMessage: Completed.
TpTrace Verbose: 0 : 23980, 13, 2022/11/16, 16:24:57.838, 66472331301037, vstest.console.dll, MulticastDelegateUtilities.SafeInvoke: LengthPrefixCommunicationChannel: MessageReceived: Invoking callback 1/1 for Microsoft.VisualStudio.TestPlatform.CommunicationUtilities.TestRequestSender+<>c__DisplayClass31_0.<StartTestRun>b__1, took 0 ms.
TpTrace Verbose: 0 : 23980, 4, 2022/11/16, 16:24:57.838, 66472331301155, vstest.console.dll, MulticastDelegateUtilities.SafeInvoke: InternalTestLoggerEvents.SendTestRunMessage: Invoking callback 1/1 for Microsoft.VisualStudio.TestPlatform.CommandLine.Internal.ConsoleLogger.TestMessageHandler, took 0 ms.
TpTrace Verbose: 0 : 23980, 13, 2022/11/16, 16:24:57.838, 66472331301305, vstest.console.dll, TcpClientExtensions.MessageLoopAsync: Polling on remoteEndPoint: 127.0.0.1:63327 localEndPoint: 127.0.0.1:63326
TpTrace Verbose: 0 : 23980, 13, 2022/11/16, 16:24:57.919, 66472332110085, vstest.console.dll, TcpClientExtensions.MessageLoopAsync: NotifyDataAvailable remoteEndPoint: 127.0.0.1:63327 localEndPoint: 127.0.0.1:63326
TpTrace Verbose: 0 : 23980, 13, 2022/11/16, 16:24:57.919, 66472332111982, vstest.console.dll, TestRequestSender.OnExecutionMessageReceived: Received message: {"Version":5,"MessageType":"TestSession.Message","Payload":{"MessageLevel":2,"Message":"[xUnit.net 00:00:00.70]     xUnitRepoTest.HrRepoTest.Name_isNullCheckTest [FAIL]"}}
TpTrace Verbose: 0 : 23980, 13, 2022/11/16, 16:24:57.919, 66472332113092, vstest.console.dll, TestRunRequest:SendTestRunMessage: Starting.
TpTrace Verbose: 0 : 23980, 13, 2022/11/16, 16:24:57.919, 66472332113596, vstest.console.dll, MulticastDelegateUtilities.SafeInvoke: TestRun.LogMessages: Invoking callback 1/1 for Microsoft.VisualStudio.TestPlatform.CommandLine.TestRunResultAggregator.TestRunMessageHandler, took 0 ms.
TpTrace Information: 0 : 23980, 13, 2022/11/16, 16:24:57.919, 66472332113834, vstest.console.dll, TestRunRequest:SendTestRunMessage: Completed.
TpTrace Verbose: 0 : 23980, 13, 2022/11/16, 16:24:57.919, 66472332114090, vstest.console.dll, MulticastDelegateUtilities.SafeInvoke: LengthPrefixCommunicationChannel: MessageReceived: Invoking callback 1/1 for Microsoft.VisualStudio.TestPlatform.CommunicationUtilities.TestRequestSender+<>c__DisplayClass31_0.<StartTestRun>b__1, took 0 ms.
TpTrace Verbose: 0 : 23980, 13, 2022/11/16, 16:24:57.919, 66472332114311, vstest.console.dll, TcpClientExtensions.MessageLoopAsync: Polling on remoteEndPoint: 127.0.0.1:63327 localEndPoint: 127.0.0.1:63326
TpTrace Verbose: 0 : 23980, 13, 2022/11/16, 16:24:57.920, 66472332118421, vstest.console.dll, TcpClientExtensions.MessageLoopAsync: NotifyDataAvailable remoteEndPoint: 127.0.0.1:63327 localEndPoint: 127.0.0.1:63326
TpTrace Verbose: 0 : 23980, 4, 2022/11/16, 16:24:57.920, 66472332119217, vstest.console.dll, MulticastDelegateUtilities.SafeInvoke: InternalTestLoggerEvents.SendTestRunMessage: Invoking callback 1/1 for Microsoft.VisualStudio.TestPlatform.CommandLine.Internal.ConsoleLogger.TestMessageHandler, took 0 ms.
TpTrace Verbose: 0 : 23980, 13, 2022/11/16, 16:24:57.920, 66472332119695, vstest.console.dll, TestRequestSender.OnExecutionMessageReceived: Received message: {"Version":5,"MessageType":"TestSession.Message","Payload":{"MessageLevel":0,"Message":"[xUnit.net 00:00:00.70]       Assert.Throws() Failure"}}
TpTrace Verbose: 0 : 23980, 13, 2022/11/16, 16:24:57.920, 66472332122550, vstest.console.dll, TestRunRequest:SendTestRunMessage: Starting.
TpTrace Verbose: 0 : 23980, 13, 2022/11/16, 16:24:57.920, 66472332123252, vstest.console.dll, MulticastDelegateUtilities.SafeInvoke: TestRun.LogMessages: Invoking callback 1/1 for Microsoft.VisualStudio.TestPlatform.CommandLine.TestRunResultAggregator.TestRunMessageHandler, took 0 ms.
TpTrace Verbose: 0 : 23980, 4, 2022/11/16, 16:24:57.920, 66472332123341, vstest.console.dll, MulticastDelegateUtilities.SafeInvoke: InternalTestLoggerEvents.SendTestRunMessage: Invoking callback 1/1 for Microsoft.VisualStudio.TestPlatform.CommandLine.Internal.ConsoleLogger.TestMessageHandler, took 0 ms.
TpTrace Information: 0 : 23980, 13, 2022/11/16, 16:24:57.920, 66472332123728, vstest.console.dll, TestRunRequest:SendTestRunMessage: Completed.
TpTrace Verbose: 0 : 23980, 13, 2022/11/16, 16:24:57.921, 66472332125919, vstest.console.dll, MulticastDelegateUtilities.SafeInvoke: LengthPrefixCommunicationChannel: MessageReceived: Invoking callback 1/1 for Microsoft.VisualStudio.TestPlatform.CommunicationUtilities.TestRequestSender+<>c__DisplayClass31_0.<StartTestRun>b__1, took 0 ms.
TpTrace Verbose: 0 : 23980, 13, 2022/11/16, 16:24:57.921, 66472332126320, vstest.console.dll, TcpClientExtensions.MessageLoopAsync: Polling on remoteEndPoint: 127.0.0.1:63327 localEndPoint: 127.0.0.1:63326
TpTrace Verbose: 0 : 23980, 13, 2022/11/16, 16:24:57.921, 66472332126723, vstest.console.dll, TcpClientExtensions.MessageLoopAsync: NotifyDataAvailable remoteEndPoint: 127.0.0.1:63327 localEndPoint: 127.0.0.1:63326
TpTrace Verbose: 0 : 23980, 13, 2022/11/16, 16:24:57.921, 66472332127394, vstest.console.dll, TestRequestSender.OnExecutionMessageReceived: Received message: {"Version":5,"MessageType":"TestSession.Message","Payload":{"MessageLevel":0,"Message":"[xUnit.net 00:00:00.70]       Expected: typeof(System.ArgumentNullException)"}}
TpTrace Verbose: 0 : 23980, 13, 2022/11/16, 16:24:57.921, 66472332128150, vstest.console.dll, TestRunRequest:SendTestRunMessage: Starting.
TpTrace Verbose: 0 : 23980, 13, 2022/11/16, 16:24:57.921, 66472332128596, vstest.console.dll, MulticastDelegateUtilities.SafeInvoke: TestRun.LogMessages: Invoking callback 1/1 for Microsoft.VisualStudio.TestPlatform.CommandLine.TestRunResultAggregator.TestRunMessageHandler, took 0 ms.
TpTrace Information: 0 : 23980, 13, 2022/11/16, 16:24:57.921, 66472332129010, vstest.console.dll, TestRunRequest:SendTestRunMessage: Completed.
TpTrace Verbose: 0 : 23980, 4, 2022/11/16, 16:24:57.921, 66472332129208, vstest.console.dll, MulticastDelegateUtilities.SafeInvoke: InternalTestLoggerEvents.SendTestRunMessage: Invoking callback 1/1 for Microsoft.VisualStudio.TestPlatform.CommandLine.Internal.ConsoleLogger.TestMessageHandler, took 0 ms.
TpTrace Verbose: 0 : 23980, 13, 2022/11/16, 16:24:57.921, 66472332129290, vstest.console.dll, MulticastDelegateUtilities.SafeInvoke: LengthPrefixCommunicationChannel: MessageReceived: Invoking callback 1/1 for Microsoft.VisualStudio.TestPlatform.CommunicationUtilities.TestRequestSender+<>c__DisplayClass31_0.<StartTestRun>b__1, took 0 ms.
TpTrace Verbose: 0 : 23980, 13, 2022/11/16, 16:24:57.921, 66472332130886, vstest.console.dll, TcpClientExtensions.MessageLoopAsync: Polling on remoteEndPoint: 127.0.0.1:63327 localEndPoint: 127.0.0.1:63326
TpTrace Verbose: 0 : 23980, 13, 2022/11/16, 16:24:57.921, 66472332131411, vstest.console.dll, TcpClientExtensions.MessageLoopAsync: NotifyDataAvailable remoteEndPoint: 127.0.0.1:63327 localEndPoint: 127.0.0.1:63326
TpTrace Verbose: 0 : 23980, 13, 2022/11/16, 16:24:57.921, 66472332132114, vstest.console.dll, TestRequestSender.OnExecutionMessageReceived: Received message: {"Version":5,"MessageType":"TestSession.Message","Payload":{"MessageLevel":0,"Message":"[xUnit.net 00:00:00.70]       Actual:   (No exception was thrown)"}}
TpTrace Verbose: 0 : 23980, 13, 2022/11/16, 16:24:57.921, 66472332132836, vstest.console.dll, TestRunRequest:SendTestRunMessage: Starting.
TpTrace Verbose: 0 : 23980, 13, 2022/11/16, 16:24:57.921, 66472332133362, vstest.console.dll, MulticastDelegateUtilities.SafeInvoke: TestRun.LogMessages: Invoking callback 1/1 for Microsoft.VisualStudio.TestPlatform.CommandLine.TestRunResultAggregator.TestRunMessageHandler, took 0 ms.
TpTrace Information: 0 : 23980, 13, 2022/11/16, 16:24:57.921, 66472332133831, vstest.console.dll, TestRunRequest:SendTestRunMessage: Completed.
TpTrace Verbose: 0 : 23980, 13, 2022/11/16, 16:24:57.921, 66472332134161, vstest.console.dll, MulticastDelegateUtilities.SafeInvoke: LengthPrefixCommunicationChannel: MessageReceived: Invoking callback 1/1 for Microsoft.VisualStudio.TestPlatform.CommunicationUtilities.TestRequestSender+<>c__DisplayClass31_0.<StartTestRun>b__1, took 0 ms.
TpTrace Verbose: 0 : 23980, 13, 2022/11/16, 16:24:57.922, 66472332134610, vstest.console.dll, TcpClientExtensions.MessageLoopAsync: Polling on remoteEndPoint: 127.0.0.1:63327 localEndPoint: 127.0.0.1:63326
TpTrace Verbose: 0 : 23980, 4, 2022/11/16, 16:24:57.921, 66472332134360, vstest.console.dll, MulticastDelegateUtilities.SafeInvoke: InternalTestLoggerEvents.SendTestRunMessage: Invoking callback 1/1 for Microsoft.VisualStudio.TestPlatform.CommandLine.Internal.ConsoleLogger.TestMessageHandler, took 0 ms.
TpTrace Verbose: 0 : 23980, 13, 2022/11/16, 16:24:57.922, 66472332136166, vstest.console.dll, TcpClientExtensions.MessageLoopAsync: NotifyDataAvailable remoteEndPoint: 127.0.0.1:63327 localEndPoint: 127.0.0.1:63326
TpTrace Verbose: 0 : 23980, 13, 2022/11/16, 16:24:57.922, 66472332136906, vstest.console.dll, TestRequestSender.OnExecutionMessageReceived: Received message: {"Version":5,"MessageType":"TestSession.Message","Payload":{"MessageLevel":0,"Message":"[xUnit.net 00:00:00.70]       Stack Trace:"}}
TpTrace Verbose: 0 : 23980, 13, 2022/11/16, 16:24:57.922, 66472332137464, vstest.console.dll, TestRunRequest:SendTestRunMessage: Starting.
TpTrace Verbose: 0 : 23980, 13, 2022/11/16, 16:24:57.922, 66472332137813, vstest.console.dll, MulticastDelegateUtilities.SafeInvoke: TestRun.LogMessages: Invoking callback 1/1 for Microsoft.VisualStudio.TestPlatform.CommandLine.TestRunResultAggregator.TestRunMessageHandler, took 0 ms.
TpTrace Information: 0 : 23980, 13, 2022/11/16, 16:24:57.922, 66472332138195, vstest.console.dll, TestRunRequest:SendTestRunMessage: Completed.
TpTrace Verbose: 0 : 23980, 4, 2022/11/16, 16:24:57.922, 66472332138347, vstest.console.dll, MulticastDelegateUtilities.SafeInvoke: InternalTestLoggerEvents.SendTestRunMessage: Invoking callback 1/1 for Microsoft.VisualStudio.TestPlatform.CommandLine.Internal.ConsoleLogger.TestMessageHandler, took 0 ms.
TpTrace Verbose: 0 : 23980, 13, 2022/11/16, 16:24:57.922, 66472332138401, vstest.console.dll, MulticastDelegateUtilities.SafeInvoke: LengthPrefixCommunicationChannel: MessageReceived: Invoking callback 1/1 for Microsoft.VisualStudio.TestPlatform.CommunicationUtilities.TestRequestSender+<>c__DisplayClass31_0.<StartTestRun>b__1, took 0 ms.
TpTrace Verbose: 0 : 23980, 13, 2022/11/16, 16:24:57.922, 66472332139803, vstest.console.dll, TcpClientExtensions.MessageLoopAsync: Polling on remoteEndPoint: 127.0.0.1:63327 localEndPoint: 127.0.0.1:63326
TpTrace Verbose: 0 : 23980, 13, 2022/11/16, 16:24:57.924, 66472332157775, vstest.console.dll, TcpClientExtensions.MessageLoopAsync: NotifyDataAvailable remoteEndPoint: 127.0.0.1:63327 localEndPoint: 127.0.0.1:63326
TpTrace Verbose: 0 : 23980, 13, 2022/11/16, 16:24:57.924, 66472332158855, vstest.console.dll, TestRequestSender.OnExecutionMessageReceived: Received message: {"Version":5,"MessageType":"TestSession.Message","Payload":{"MessageLevel":0,"Message":"[xUnit.net 00:00:00.70]         C:\\Users\\harteoti\\BestJobsProject\\PSI-2022-Apr-DotNet-Eng-Batch\\BestJobs\\xUnitRepoTest\\HrRepoTest.cs(47,0): at xUnitRepoTest.HrRepoTest.Name_isNullCheckTest()"}}
TpTrace Verbose: 0 : 23980, 13, 2022/11/16, 16:24:57.924, 66472332159639, vstest.console.dll, TestRunRequest:SendTestRunMessage: Starting.
TpTrace Verbose: 0 : 23980, 13, 2022/11/16, 16:24:57.924, 66472332160066, vstest.console.dll, MulticastDelegateUtilities.SafeInvoke: TestRun.LogMessages: Invoking callback 1/1 for Microsoft.VisualStudio.TestPlatform.CommandLine.TestRunResultAggregator.TestRunMessageHandler, took 0 ms.
TpTrace Information: 0 : 23980, 13, 2022/11/16, 16:24:57.924, 66472332160424, vstest.console.dll, TestRunRequest:SendTestRunMessage: Completed.
TpTrace Verbose: 0 : 23980, 13, 2022/11/16, 16:24:57.924, 66472332160633, vstest.console.dll, MulticastDelegateUtilities.SafeInvoke: LengthPrefixCommunicationChannel: MessageReceived: Invoking callback 1/1 for Microsoft.VisualStudio.TestPlatform.CommunicationUtilities.TestRequestSender+<>c__DisplayClass31_0.<StartTestRun>b__1, took 0 ms.
TpTrace Verbose: 0 : 23980, 13, 2022/11/16, 16:24:57.924, 66472332160837, vstest.console.dll, TcpClientExtensions.MessageLoopAsync: Polling on remoteEndPoint: 127.0.0.1:63327 localEndPoint: 127.0.0.1:63326
TpTrace Verbose: 0 : 23980, 4, 2022/11/16, 16:24:57.924, 66472332161277, vstest.console.dll, MulticastDelegateUtilities.SafeInvoke: InternalTestLoggerEvents.SendTestRunMessage: Invoking callback 1/1 for Microsoft.VisualStudio.TestPlatform.CommandLine.Internal.ConsoleLogger.TestMessageHandler, took 0 ms.
TpTrace Verbose: 0 : 23980, 13, 2022/11/16, 16:24:57.935, 66472332274028, vstest.console.dll, TcpClientExtensions.MessageLoopAsync: NotifyDataAvailable remoteEndPoint: 127.0.0.1:63327 localEndPoint: 127.0.0.1:63326
TpTrace Verbose: 0 : 23980, 13, 2022/11/16, 16:24:57.936, 66472332275578, vstest.console.dll, TestRequestSender.OnExecutionMessageReceived: Received message: {"Version":5,"MessageType":"TestSession.Message","Payload":{"MessageLevel":0,"Message":"[xUnit.net 00:00:00.71]   Finished:    xUnitRepoTest"}}
TpTrace Verbose: 0 : 23980, 13, 2022/11/16, 16:24:57.936, 66472332276907, vstest.console.dll, TestRunRequest:SendTestRunMessage: Starting.
TpTrace Verbose: 0 : 23980, 13, 2022/11/16, 16:24:57.936, 66472332277555, vstest.console.dll, MulticastDelegateUtilities.SafeInvoke: TestRun.LogMessages: Invoking callback 1/1 for Microsoft.VisualStudio.TestPlatform.CommandLine.TestRunResultAggregator.TestRunMessageHandler, took 0 ms.
TpTrace Information: 0 : 23980, 13, 2022/11/16, 16:24:57.936, 66472332277911, vstest.console.dll, TestRunRequest:SendTestRunMessage: Completed.
TpTrace Verbose: 0 : 23980, 13, 2022/11/16, 16:24:57.936, 66472332278277, vstest.console.dll, MulticastDelegateUtilities.SafeInvoke: LengthPrefixCommunicationChannel: MessageReceived: Invoking callback 1/1 for Microsoft.VisualStudio.TestPlatform.CommunicationUtilities.TestRequestSender+<>c__DisplayClass31_0.<StartTestRun>b__1, took 0 ms.
TpTrace Verbose: 0 : 23980, 4, 2022/11/16, 16:24:57.936, 66472332278274, vstest.console.dll, MulticastDelegateUtilities.SafeInvoke: InternalTestLoggerEvents.SendTestRunMessage: Invoking callback 1/1 for Microsoft.VisualStudio.TestPlatform.CommandLine.Internal.ConsoleLogger.TestMessageHandler, took 0 ms.
TpTrace Verbose: 0 : 23980, 13, 2022/11/16, 16:24:57.936, 66472332278671, vstest.console.dll, TcpClientExtensions.MessageLoopAsync: Polling on remoteEndPoint: 127.0.0.1:63327 localEndPoint: 127.0.0.1:63326
TpTrace Verbose: 0 : 23980, 13, 2022/11/16, 16:24:57.971, 66472332629850, vstest.console.dll, TcpClientExtensions.MessageLoopAsync: NotifyDataAvailable remoteEndPoint: 127.0.0.1:63327 localEndPoint: 127.0.0.1:63326
TpTrace Verbose: 0 : 23980, 13, 2022/11/16, 16:24:57.971, 66472332632129, vstest.console.dll, TestRequestSender.OnExecutionMessageReceived: Received message: {"Version":5,"MessageType":"TestExecution.Completed","Payload":{"TestRunCompleteArgs":{"TestRunStatistics":{"ExecutedTests":4,"Stats":{"Passed":3,"Failed":1}},"IsCanceled":false,"IsAborted":false,"Error":null,"AttachmentSets":[],"ElapsedTimeInRunningTests":"00:00:00.7287192","Metrics":{}},"LastRunTests":{"NewTestResults":[{"TestCase":{"Id":"13a81d2f-ce47-039d-61da-c0b52861125b","FullyQualifiedName":"xUnitRepoTest.HrRepoTest.Test_ListSquareMethod","DisplayName":"xUnitRepoTest.HrRepoTest.Test_ListSquareMethod","ExecutorUri":"executor://xunit/VsTestRunner2/netcoreapp","Source":"C:\\Users\\harteoti\\BestJobsProject\\PSI-2022-Apr-DotNet-Eng-Batch\\BestJobs\\xUnitRepoTest\\bin\\Debug\\net5.0\\fine-code-coverage\\build-output\\xUnitRepoTest.dll","CodeFilePath":null,"LineNumber":0,"Properties":[]},"Attachments":[],"Outcome":1,"ErrorMessage":null,"ErrorStackTrace":null,"DisplayName":"xUnitRepoTest.HrRepoTest.Test_ListSquareMethod","Messages":[],"ComputerName":"WKWZTE0N591LXOP","Duration":"00:00:00.0054466","StartTime":"2022-11-16T10:54:57.8954972+00:00","EndTime":"2022-11-16T10:54:57.8955562+00:00","Properties":[]},{"TestCase":{"Id":"d66a8866-f0df-eb61-627c-59af1b4ebdcd","FullyQualifiedName":"xUnitRepoTest.HrRepoTest.Name_isNullCheckTest","DisplayName":"xUnitRepoTest.HrRepoTest.Name_isNullCheckTest","ExecutorUri":"executor://xunit/VsTestRunner2/netcoreapp","Source":"C:\\Users\\harteoti\\BestJobsProject\\PSI-2022-Apr-DotNet-Eng-Batch\\BestJobs\\xUnitRepoTest\\bin\\Debug\\net5.0\\fine-code-coverage\\build-output\\xUnitRepoTest.dll","CodeFilePath":null,"LineNumber":0,"Properties":[]},"Attachments":[],"Outcome":2,"ErrorMessage":"Assert.Throws() Failure\r\nExpected: typeof(System.ArgumentNullException)\r\nActual:   (No exception was thrown)","ErrorStackTrace":"   at xUnitRepoTest.HrRepoTest.Name_isNullCheckTest() in C:\\Users\\harteoti\\BestJobsProject\\PSI-2022-Apr-DotNet-Eng-Batch\\BestJobs\\xUnitRepoTest\\HrRepoTest.cs:line 47","DisplayName":"xUnitRepoTest.HrRepoTest.Name_isNullCheckTest","Messages":[],"ComputerName":"WKWZTE0N591LXOP","Duration":"00:00:00.0042208","StartTime":"2022-11-16T10:54:57.9249749+00:00","EndTime":"2022-11-16T10:54:57.9249765+00:00","Properties":[]},{"TestCase":{"Id":"7fd80fc2-dc0b-7cb3-32b6-81d361692b64","FullyQualifiedName":"xUnitRepoTest.HrRepoTest.Add_simpleAddTest","DisplayName":"xUnitRepoTest.HrRepoTest.Add_simpleAddTest(a: 2, b: 3, c: 5)","ExecutorUri":"executor://xunit/VsTestRunner2/netcoreapp","Source":"C:\\Users\\harteoti\\BestJobsProject\\PSI-2022-Apr-DotNet-Eng-Batch\\BestJobs\\xUnitRepoTest\\bin\\Debug\\net5.0\\fine-code-coverage\\build-output\\xUnitRepoTest.dll","CodeFilePath":null,"LineNumber":0,"Properties":[]},"Attachments":[],"Outcome":1,"ErrorMessage":null,"ErrorStackTrace":null,"DisplayName":"xUnitRepoTest.HrRepoTest.Add_simpleAddTest(a: 2, b: 3, c: 5)","Messages":[],"ComputerName":"WKWZTE0N591LXOP","Duration":"00:00:00.0001873","StartTime":"2022-11-16T10:54:57.9275641+00:00","EndTime":"2022-11-16T10:54:57.9275655+00:00","Properties":[]},{"TestCase":{"Id":"aeef9d82-5279-e924-fd30-1a78a075dd88","FullyQualifiedName":"xUnitRepoTest.HrRepoTest.Add_simpleAddTest","DisplayName":"xUnitRepoTest.HrRepoTest.Add_simpleAddTest(a: 2147483647, b: 0, c: 2147483647)","ExecutorUri":"executor://xunit/VsTestRunner2/netcoreapp","Source":"C:\\Users\\harteoti\\BestJobsProject\\PSI-2022-Apr-DotNet-Eng-Batch\\BestJobs\\xUnitRepoTest\\bin\\Debug\\net5.0\\fine-code-coverage\\build-output\\xUnitRepoTest.dll","CodeFilePath":null,"LineNumber":0,"Properties":[]},"Attachments":[],"Outcome":1,"ErrorMessage":null,"ErrorStackTrace":null,"DisplayName":"xUnitRepoTest.HrRepoTest.Add_simpleAddTest(a: 2147483647, b: 0, c: 2147483647)","Messages":[],"ComputerName":"WKWZTE0N591LXOP","Duration":"00:00:00.0000061","StartTime":"2022-11-16T10:54:57.9325924+00:00","EndTime":"2022-11-16T10:54:57.9325963+00:00","Properties":[]}],"TestRunStatistics":{"ExecutedTests":4,"Stats":{"Passed":3,"Failed":1}},"ActiveTests":[]},"RunAttachments":[],"ExecutorUris":["executor://xunit/VsTestRunner2/netcoreapp"]}}
TpTrace Verbose: 0 : 23980, 13, 2022/11/16, 16:24:57.971, 66472332633156, vstest.console.dll, TestRequestSender.EndSession: Sending end session.
TpTrace Verbose: 0 : 23980, 13, 2022/11/16, 16:24:57.972, 66472332635410, vstest.console.dll, ProxyOperationManager.Close: waiting for test host to exit for 100 ms
TpTrace Warning: 0 : 23980, 12, 2022/11/16, 16:24:58.050, 66472333423564, vstest.console.dll, TestHostManagerCallbacks.ErrorReceivedCallback Test host standard error line: 
TpTrace Warning: 0 : 23980, 13, 2022/11/16, 16:24:58.084, 66472333754877, vstest.console.dll, ProxyOperationManager: Timed out waiting for test host to exit. Will terminate process.
TpTrace Information: 0 : 23980, 13, 2022/11/16, 16:24:58.084, 66472333757373, vstest.console.dll, SocketServer.Stop: Stop server endPoint: 127.0.0.1:63326
TpTrace Information: 0 : 23980, 13, 2022/11/16, 16:24:58.084, 66472333758288, vstest.console.dll, SocketServer.Stop: Cancellation requested. Stopping message loop.
TpTrace Information: 0 : 23980, 13, 2022/11/16, 16:24:58.084, 66472333760090, vstest.console.dll, Closing the connection
TpTrace Verbose: 0 : 23980, 13, 2022/11/16, 16:24:58.088, 66472333798717, vstest.console.dll, ProxyDataCollectionManager.InvokeDataCollectionServiceAction: Starting.
TpTrace Verbose: 0 : 23980, 7, 2022/11/16, 16:24:58.088, 66472333800232, vstest.console.dll, TestHostProvider.ExitCallBack: Host exited starting callback.
TpTrace Information: 0 : 23980, 13, 2022/11/16, 16:24:58.088, 66472333800581, vstest.console.dll, ProxyDataCollectionManager.AfterTestRunEnd: Get attachment set and invoked data collectors processId: 5808 port: 63323
TpTrace Verbose: 0 : 23980, 13, 2022/11/16, 16:24:58.088, 66472333802486, vstest.console.dll, DataCollectionRequestSender.SendAfterTestRunStartAndGetResult: Send AfterTestRunEnd message with isCancelled: False
TpTrace Error: 0 : 23980, 7, 2022/11/16, 16:24:58.090, 66472333823078, vstest.console.dll, TestHostProvider.ExitCallBack: could not get proccess id from process, error: System.InvalidOperationException: No process is associated with this object.
   at System.Diagnostics.Process.EnsureState(State state)
   at System.Diagnostics.Process.EnsureState(State state)
   at System.Diagnostics.Process.get_Id()
   at Microsoft.TestPlatform.TestHostProvider.Hosting.TestHostManagerCallbacks.ExitCallBack(IProcessHelper processHelper, Object process, StringBuilder testHostProcessStdError, Action`1 onHostExited).
TpTrace Information: 0 : 23980, 7, 2022/11/16, 16:24:58.091, 66472333824548, vstest.console.dll, TestHostManagerCallbacks.ExitCallBack: Testhost processId: -1 exited with exitcode: 0 error: ''
TpTrace Verbose: 0 : 23980, 7, 2022/11/16, 16:24:58.091, 66472333825150, vstest.console.dll, DotnetTestHostManager.OnHostExited: invoking OnHostExited callback
TpTrace Verbose: 0 : 23980, 13, 2022/11/16, 16:24:58.103, 66472333951948, vstest.console.dll, DataCollectionRequestSender.SendAfterTestRunStartAndGetResult: Received message: (DataCollection.AfterTestRunEndResult) -> {"MessageType":"DataCollection.AfterTestRunEndResult","Payload":{"AttachmentSets":[],"InvokedDataCollectors":[{"Uri":"datacollector://Microsoft/TestPlatform/Extensions/Blame/v1","FriendlyName":"Blame","AssemblyQualifiedName":"Microsoft.TestPlatform.Extensions.BlameDataCollector.BlameCollector, Microsoft.TestPlatform.Extensions.BlameDataCollector, Version=15.0.0.0, Culture=neutral, PublicKeyToken=b03f5f7f11d50a3a","FilePath":"C:\\Program Files\\dotnet\\sdk\\6.0.401\\Extensions\\Microsoft.TestPlatform.Extensions.BlameDataCollector.dll","HasAttachmentProcessor":false}],"Metrics":{}}}
TpTrace Information: 0 : 23980, 13, 2022/11/16, 16:24:58.113, 66472334045146, vstest.console.dll, ProxyDataCollectionManager.InvokeDataCollectionServiceAction: Completed.
TpTrace Warning: 0 : 23980, 9, 2022/11/16, 16:24:58.175, 66472334665087, vstest.console.dll, DataCollectionLauncher.ErrorReceivedCallback datacollector standard error line: 
TpTrace Information: 0 : 23980, 9, 2022/11/16, 16:24:58.181, 66472334728309, vstest.console.dll, DataCollectionLauncher.ExitCallBack: Data collector exited with exitcode: 0 error: ''
TpTrace Verbose: 0 : 23980, 13, 2022/11/16, 16:24:58.183, 66472334744756, vstest.console.dll, TestRunRequest:SendTestRunStatsChange: Starting.
TpTrace Verbose: 0 : 23980, 13, 2022/11/16, 16:24:58.183, 66472334747848, vstest.console.dll, MulticastDelegateUtilities.SafeInvoke: TestRun.RunStatsChanged: Invoking callbacks was skipped because there are no subscribers.
TpTrace Information: 0 : 23980, 13, 2022/11/16, 16:24:58.183, 66472334748399, vstest.console.dll, TestRunRequest:SendTestRunStatsChange: Completed.
TpTrace Verbose: 0 : 23980, 13, 2022/11/16, 16:24:58.183, 66472334752389, vstest.console.dll, ParallelProxyExecutionManager: HandlePartialRunComplete: Total completed clients = 1, Run complete = True, Run canceled: False.
TpTrace Verbose: 0 : 23980, 4, 2022/11/16, 16:24:58.186, 66472334782698, vstest.console.dll, MulticastDelegateUtilities.SafeInvoke: InternalTestLoggerEvents.SendTestResult: Invoking callback 1/1 for Microsoft.VisualStudio.TestPlatform.CommandLine.Internal.ConsoleLogger.TestResultHandler, took 3 ms.
TpTrace Verbose: 0 : 23980, 4, 2022/11/16, 16:24:58.187, 66472334790419, vstest.console.dll, MulticastDelegateUtilities.SafeInvoke: InternalTestLoggerEvents.SendTestResult: Invoking callback 1/1 for Microsoft.VisualStudio.TestPlatform.CommandLine.Internal.ConsoleLogger.TestResultHandler, took 0 ms.
TpTrace Verbose: 0 : 23980, 4, 2022/11/16, 16:24:58.187, 66472334792309, vstest.console.dll, MulticastDelegateUtilities.SafeInvoke: InternalTestLoggerEvents.SendTestResult: Invoking callback 1/1 for Microsoft.VisualStudio.TestPlatform.CommandLine.Internal.ConsoleLogger.TestResultHandler, took 0 ms.
TpTrace Verbose: 0 : 23980, 4, 2022/11/16, 16:24:58.187, 66472334792962, vstest.console.dll, MulticastDelegateUtilities.SafeInvoke: InternalTestLoggerEvents.SendTestResult: Invoking callback 1/1 for Microsoft.VisualStudio.TestPlatform.CommandLine.Internal.ConsoleLogger.TestResultHandler, took 0 ms.
TpTrace Verbose: 0 : 23980, 4, 2022/11/16, 16:24:58.195, 66472334871719, vstest.console.dll, MulticastDelegateUtilities.SafeInvoke: InternalTestLoggerEvents.SendTestRunComplete: Invoking callback 1/2 for Microsoft.TestPlatform.Extensions.BlameDataCollector.BlameLogger.TestRunCompleteHandler, took 0 ms.
TpTrace Verbose: 0 : 23980, 4, 2022/11/16, 16:24:58.201, 66472334929166, vstest.console.dll, MulticastDelegateUtilities.SafeInvoke: InternalTestLoggerEvents.SendTestRunComplete: Invoking callback 2/2 for Microsoft.VisualStudio.TestPlatform.CommandLine.Internal.ConsoleLogger.TestRunCompleteHandler, took 5 ms.
TpTrace Verbose: 0 : 23980, 13, 2022/11/16, 16:24:58.201, 66472334933606, vstest.console.dll, TestRunRequest:TestRunComplete: Starting. IsAborted:False IsCanceled:False.
TpTrace Verbose: 0 : 23980, 13, 2022/11/16, 16:24:58.203, 66472334948526, vstest.console.dll, TestLoggerManager.HandleTestRunComplete: Ignoring as the object is disposed.
TpTrace Verbose: 0 : 23980, 13, 2022/11/16, 16:24:58.203, 66472334951964, vstest.console.dll, MulticastDelegateUtilities.SafeInvoke: TestRun.TestRunComplete: Invoking callback 1/2 for Microsoft.VisualStudio.TestPlatform.CommandLine.TestRunResultAggregator.TestRunCompletionHandler, took 0 ms.
TpTrace Verbose: 0 : 23980, 13, 2022/11/16, 16:24:58.203, 66472334953060, vstest.console.dll, MulticastDelegateUtilities.SafeInvoke: TestRun.TestRunComplete: Invoking callback 2/2 for Microsoft.VisualStudio.TestPlatform.CommandLine.Processors.RunTestsArgumentExecutor+TestRunRequestEventsRegistrar.TestRunRequest_OnRunCompletion, took 0 ms.
TpTrace Information: 0 : 23980, 13, 2022/11/16, 16:24:58.204, 66472334954265, vstest.console.dll, TestRunRequest:TestRunComplete: Completed.
TpTrace Verbose: 0 : 23980, 13, 2022/11/16, 16:24:58.204, 66472334954767, vstest.console.dll, TestRequestSender.SetOperationComplete: Setting operation complete.
TpTrace Verbose: 0 : 23980, 1, 2022/11/16, 16:24:58.204, 66472334954746, vstest.console.dll, TestRunRequest.Dispose: Starting.
TpTrace Information: 0 : 23980, 1, 2022/11/16, 16:24:58.204, 66472334956286, vstest.console.dll, TestRunRequest.Dispose: Completed.
TpTrace Information: 0 : 23980, 1, 2022/11/16, 16:24:58.204, 66472334956879, vstest.console.dll, TestRequestManager.RunTests: run tests completed.
TpTrace Information: 0 : 23980, 13, 2022/11/16, 16:24:58.204, 66472334956894, vstest.console.dll, SocketServer.Stop: Stop server endPoint: 127.0.0.1:63326
TpTrace Information: 0 : 23980, 13, 2022/11/16, 16:24:58.204, 66472334957990, vstest.console.dll, SocketServer.Stop: Cancellation requested. Stopping message loop.
TpTrace Information: 0 : 23980, 1, 2022/11/16, 16:24:58.204, 66472334958072, vstest.console.dll, RunTestsArgumentProcessor:Execute: Test run is completed.
TpTrace Verbose: 0 : 23980, 13, 2022/11/16, 16:24:58.204, 66472334958369, vstest.console.dll, MulticastDelegateUtilities.SafeInvoke: LengthPrefixCommunicationChannel: MessageReceived: Invoking callback 1/1 for Microsoft.VisualStudio.TestPlatform.CommunicationUtilities.TestRequestSender+<>c__DisplayClass31_0.<StartTestRun>b__1, took 232 ms.
TpTrace Information: 0 : 23980, 13, 2022/11/16, 16:24:58.204, 66472334959442, vstest.console.dll, SocketServer.PrivateStop: Stopping server endPoint: 127.0.0.1:63326 error: 
TpTrace Verbose: 0 : 23980, 1, 2022/11/16, 16:24:58.204, 66472334961031, vstest.console.dll, Executor.Execute: Exiting with exit code of 1
TpTrace Verbose: 0 : 23980, 13, 2022/11/16, 16:24:58.205, 66472334965447, vstest.console.dll, LengthPrefixCommunicationChannel.Dispose: Dispose reader and writer.
TpTrace Information: 0 : 23980, 13, 2022/11/16, 16:24:58.205, 66472334966809, vstest.console.dll, SocketServer.Stop: Raise disconnected event endPoint: 127.0.0.1:63326 error: 
TpTrace Verbose: 0 : 23980, 13, 2022/11/16, 16:24:58.205, 66472334967677, vstest.console.dll, TestRequestSender: OnTestRunAbort: Operation is already complete. Skip error message.
TpTrace Verbose: 0 : 23980, 13, 2022/11/16, 16:24:58.205, 66472334968207, vstest.console.dll, MulticastDelegateUtilities.SafeInvoke: SocketServer: ClientDisconnected: Invoking callback 1/1 for Microsoft.VisualStudio.TestPlatform.CommunicationUtilities.TestRequestSender.<InitializeCommunication>b__24_1, took 0 ms.
TpTrace Verbose: 0 : 23980, 13, 2022/11/16, 16:24:58.205, 66472334968627, vstest.console.dll, TcpClientExtensions.MessageLoopAsync: exiting MessageLoopAsync remoteEndPoint: 127.0.0.1:63327 localEndPoint: 127.0.0.1:63326
